#
# There is insufficient memory for the Java Runtime Environment to continue.
# Native memory allocation (malloc) failed to allocate 1130256 bytes for Chunk::new
# Possible reasons:
#   The system is out of physical RAM or swap space
#   The process is running with CompressedOops enabled, and the Java Heap may be blocking the growth of the native heap
# Possible solutions:
#   Reduce memory load on the system
#   Increase physical memory or swap space
#   Check if swap backing store is full
#   Decrease Java heap size (-Xmx/-Xms)
#   Decrease number of Java threads
#   Decrease Java thread stack sizes (-Xss)
#   Set larger code cache with -XX:ReservedCodeCacheSize=
#   JVM is running with Unscaled Compressed Oops mode in which the Java heap is
#     placed in the first 4GB address space. The Java Heap base address is the
#     maximum limit for the native heap growth. Please use -XX:HeapBaseMinAddress
#     to set the Java Heap base and to place the Java Heap above 4GB virtual address.
# This output file may be truncated or incomplete.
#
#  Out of Memory Error (arena.cpp:191), pid=22636, tid=23144
#
# JRE version: OpenJDK Runtime Environment Corretto-17.0.10.7.1 (17.0.10+7) (build 17.0.10+7-LTS)
# Java VM: OpenJDK 64-Bit Server VM Corretto-17.0.10.7.1 (17.0.10+7-LTS, mixed mode, sharing, tiered, compressed oops, compressed class ptrs, g1 gc, windows-amd64)
# No core dump will be written. Minidumps are not enabled by default on client versions of Windows
#

---------------  S U M M A R Y ------------

Command Line: --add-opens=java.base/java.util=ALL-UNNAMED --add-opens=java.base/java.lang=ALL-UNNAMED --add-opens=java.base/java.lang.invoke=ALL-UNNAMED --add-opens=java.prefs/java.util.prefs=ALL-UNNAMED --add-opens=java.base/java.nio.charset=ALL-UNNAMED --add-opens=java.base/java.net=ALL-UNNAMED --add-opens=java.base/java.util.concurrent.atomic=ALL-UNNAMED -XX:MaxMetaspaceSize=384m -XX:+HeapDumpOnOutOfMemoryError -Xms256m -Xmx512m -Dfile.encoding=windows-1252 -Duser.country=BR -Duser.language=pt -Duser.variant -javaagent:C:\Users\jose.caneto11\.gradle\wrapper\dists\gradle-8.5-bin\5t9huq95ubn472n8rpzujfbqh\gradle-8.5\lib\agents\gradle-instrumentation-agent-8.5.jar org.gradle.launcher.daemon.bootstrap.GradleDaemon 8.5

Host: Intel(R) Core(TM) i7-7700 CPU @ 3.60GHz, 8 cores, 15G,  Windows 10 , 64 bit Build 19041 (10.0.19041.3636)
Time: Tue Feb 27 22:08:04 2024 Hora oficial do Brasil elapsed time: 29.718780 seconds (0d 0h 0m 29s)

---------------  T H R E A D  ---------------

Current thread (0x000002065c21d990):  JavaThread "C2 CompilerThread0" daemon [_thread_in_native, id=23144, stack(0x000000f72ee00000,0x000000f72ef00000)]


Current CompileTask:
C2:  29718 2183       4       jdk.internal.org.objectweb.asm.Frame::execute (2305 bytes)

Stack: [0x000000f72ee00000,0x000000f72ef00000]
Native frames: (J=compiled Java code, j=interpreted, Vv=VM code, C=native code)
V  [jvm.dll+0x67d2c9]
V  [jvm.dll+0x834b1a]
V  [jvm.dll+0x8365de]
V  [jvm.dll+0x836c43]
V  [jvm.dll+0x2477ff]
V  [jvm.dll+0xac514]
V  [jvm.dll+0xacb5c]
V  [jvm.dll+0x366782]
V  [jvm.dll+0x1bcd86]
V  [jvm.dll+0x21a049]
V  [jvm.dll+0x219311]
V  [jvm.dll+0x1a502d]
V  [jvm.dll+0x2290de]
V  [jvm.dll+0x2272ac]
V  [jvm.dll+0x7e9bd7]
V  [jvm.dll+0x7e3fda]
V  [jvm.dll+0x67c1b5]
C  [ucrtbase.dll+0x21bb2]
C  [KERNEL32.DLL+0x17344]
C  [ntdll.dll+0x526b1]


---------------  P R O C E S S  ---------------

Threads class SMR info:
_java_thread_list=0x000002065c706b50, length=22, elements={
0x0000020641676f20, 0x000002065c201b90, 0x000002065c202a10, 0x000002065c218ba0,
0x000002065c219760, 0x000002065c21c230, 0x000002065c21cbf0, 0x000002065c21d990,
0x000002065c3a80e0, 0x000002065c3aa700, 0x000002065c1e9210, 0x000002065c4ea7a0,
0x00000206778b0bf0, 0x000002067693f130, 0x0000020676590340, 0x0000020676090150,
0x000002065cb327d0, 0x000002065cb31db0, 0x000002065cb31390, 0x000002065cb318a0,
0x000002065cb322c0, 0x000002065cb34b40
}

Java Threads: ( => current thread )
  0x0000020641676f20 JavaThread "main" [_thread_blocked, id=22956, stack(0x000000f72e100000,0x000000f72e200000)]
  0x000002065c201b90 JavaThread "Reference Handler" daemon [_thread_blocked, id=23084, stack(0x000000f72e800000,0x000000f72e900000)]
  0x000002065c202a10 JavaThread "Finalizer" daemon [_thread_blocked, id=23088, stack(0x000000f72e900000,0x000000f72ea00000)]
  0x000002065c218ba0 JavaThread "Signal Dispatcher" daemon [_thread_blocked, id=23128, stack(0x000000f72ea00000,0x000000f72eb00000)]
  0x000002065c219760 JavaThread "Attach Listener" daemon [_thread_blocked, id=23132, stack(0x000000f72eb00000,0x000000f72ec00000)]
  0x000002065c21c230 JavaThread "Service Thread" daemon [_thread_blocked, id=23136, stack(0x000000f72ec00000,0x000000f72ed00000)]
  0x000002065c21cbf0 JavaThread "Monitor Deflation Thread" daemon [_thread_blocked, id=23140, stack(0x000000f72ed00000,0x000000f72ee00000)]
=>0x000002065c21d990 JavaThread "C2 CompilerThread0" daemon [_thread_in_native, id=23144, stack(0x000000f72ee00000,0x000000f72ef00000)]
  0x000002065c3a80e0 JavaThread "C1 CompilerThread0" daemon [_thread_in_native, id=23148, stack(0x000000f72ef00000,0x000000f72f000000)]
  0x000002065c3aa700 JavaThread "Sweeper thread" daemon [_thread_blocked, id=23152, stack(0x000000f72f000000,0x000000f72f100000)]
  0x000002065c1e9210 JavaThread "Common-Cleaner" daemon [_thread_blocked, id=23156, stack(0x000000f72f100000,0x000000f72f200000)]
  0x000002065c4ea7a0 JavaThread "Notification Thread" daemon [_thread_blocked, id=23180, stack(0x000000f72f200000,0x000000f72f300000)]
  0x00000206778b0bf0 JavaThread "Daemon health stats" [_thread_blocked, id=25504, stack(0x000000f72f400000,0x000000f72f500000)]
  0x000002067693f130 JavaThread "Incoming local TCP Connector on port 55453" [_thread_in_native, id=19408, stack(0x000000f72fa00000,0x000000f72fb00000)]
  0x0000020676590340 JavaThread "Daemon periodic checks" [_thread_blocked, id=19156, stack(0x000000f72fb00000,0x000000f72fc00000)]
  0x0000020676090150 JavaThread "Daemon" [_thread_blocked, id=14952, stack(0x000000f72fc00000,0x000000f72fd00000)]
  0x000002065cb327d0 JavaThread "Handler for socket connection from /127.0.0.1:55453 to /127.0.0.1:55456" [_thread_in_native, id=17360, stack(0x000000f72fd00000,0x000000f72fe00000)]
  0x000002065cb31db0 JavaThread "Cancel handler" [_thread_blocked, id=8052, stack(0x000000f72fe00000,0x000000f72ff00000)]
  0x000002065cb31390 JavaThread "Daemon worker" [_thread_in_vm, id=23728, stack(0x000000f72ff00000,0x000000f730000000)]
  0x000002065cb318a0 JavaThread "Asynchronous log dispatcher for DefaultDaemonConnection: socket connection from /127.0.0.1:55453 to /127.0.0.1:55456" [_thread_blocked, id=23120, stack(0x000000f730000000,0x000000f730100000)]
  0x000002065cb322c0 JavaThread "Stdin handler" [_thread_blocked, id=19892, stack(0x000000f730100000,0x000000f730200000)]
  0x000002065cb34b40 JavaThread "Daemon client event forwarder" [_thread_blocked, id=18340, stack(0x000000f730200000,0x000000f730300000)]

Other Threads:
  0x000002065c1fc750 VMThread "VM Thread" [stack: 0x000000f72e700000,0x000000f72e800000] [id=23056]
  0x000002065c49f570 WatcherThread [stack: 0x000000f72f300000,0x000000f72f400000] [id=23184]
  0x00000206416a78a0 GCTaskThread "GC Thread#0" [stack: 0x000000f72e200000,0x000000f72e300000] [id=22964]
  0x000002065cf78f70 GCTaskThread "GC Thread#1" [stack: 0x000000f72f500000,0x000000f72f600000] [id=23456]
  0x000002065cf79230 GCTaskThread "GC Thread#2" [stack: 0x000000f72f600000,0x000000f72f700000] [id=22232]
  0x000002065c88a6c0 GCTaskThread "GC Thread#3" [stack: 0x000000f72f700000,0x000000f72f800000] [id=6300]
  0x0000020676101de0 GCTaskThread "GC Thread#4" [stack: 0x000000f72f800000,0x000000f72f900000] [id=23556]
  0x00000206761020a0 GCTaskThread "GC Thread#5" [stack: 0x000000f72f900000,0x000000f72fa00000] [id=23560]
  0x00000206416ac7f0 ConcurrentGCThread "G1 Main Marker" [stack: 0x000000f72e300000,0x000000f72e400000] [id=22968]
  0x00000206416ad210 ConcurrentGCThread "G1 Conc#0" [stack: 0x000000f72e400000,0x000000f72e500000] [id=22972]
  0x000002064172e880 ConcurrentGCThread "G1 Refine#0" [stack: 0x000000f72e500000,0x000000f72e600000] [id=22976]
  0x000002065c0bc470 ConcurrentGCThread "G1 Service" [stack: 0x000000f72e600000,0x000000f72e700000] [id=22980]

Threads with active compile tasks:
C2 CompilerThread0    29761 2183       4       jdk.internal.org.objectweb.asm.Frame::execute (2305 bytes)

VM state: not at safepoint (normal execution)

VM Mutex/Monitor currently owned by a thread: None

Heap address: 0x00000000e0000000, size: 512 MB, Compressed Oops mode: 32-bit

CDS archive(s) mapped at: [0x000002065d000000-0x000002065dbb0000-0x000002065dbb0000), size 12255232, SharedBaseAddress: 0x000002065d000000, ArchiveRelocationMode: 1.
Compressed class space mapped at: 0x000002065e000000-0x0000020672000000, reserved size: 335544320
Narrow klass base: 0x000002065d000000, Narrow klass shift: 0, Narrow klass range: 0x100000000

GC Precious Log:
 CPUs: 8 total, 8 available
 Memory: 16247M
 Large Page Support: Disabled
 NUMA Support: Disabled
 Compressed Oops: Enabled (32-bit)
 Heap Region Size: 1M
 Heap Min Capacity: 256M
 Heap Initial Capacity: 256M
 Heap Max Capacity: 512M
 Pre-touch: Disabled
 Parallel Workers: 8
 Concurrent Workers: 2
 Concurrent Refinement Workers: 8
 Periodic GC: Disabled

Heap:
 garbage-first heap   total 262144K, used 74875K [0x00000000e0000000, 0x0000000100000000)
  region size 1024K, 63 young (64512K), 1 survivors (1024K)
 Metaspace       used 13644K, committed 13952K, reserved 393216K
  class space    used 1902K, committed 2048K, reserved 327680K

Heap Regions: E=young(eden), S=young(survivor), O=old, HS=humongous(starts), HC=humongous(continues), CS=collection set, F=free, OA=open archive, CA=closed archive, TAMS=top-at-mark-start (previous, next)
|   0|0x00000000e0000000, 0x00000000e0100000, 0x00000000e0100000|100%|HS|  |TAMS 0x00000000e0000000, 0x00000000e0000000| Complete 
|   1|0x00000000e0100000, 0x00000000e0200000, 0x00000000e0200000|100%|HC|  |TAMS 0x00000000e0100000, 0x00000000e0100000| Complete 
|   2|0x00000000e0200000, 0x00000000e0300000, 0x00000000e0300000|100%|HC|  |TAMS 0x00000000e0200000, 0x00000000e0200000| Complete 
|   3|0x00000000e0300000, 0x00000000e0400000, 0x00000000e0400000|100%|HC|  |TAMS 0x00000000e0300000, 0x00000000e0300000| Complete 
|   4|0x00000000e0400000, 0x00000000e0500000, 0x00000000e0500000|100%| O|  |TAMS 0x00000000e0400000, 0x00000000e0400000| Untracked 
|   5|0x00000000e0500000, 0x00000000e0600000, 0x00000000e0600000|100%| O|  |TAMS 0x00000000e0500000, 0x00000000e0500000| Untracked 
|   6|0x00000000e0600000, 0x00000000e0700000, 0x00000000e0700000|100%| O|  |TAMS 0x00000000e0600000, 0x00000000e0600000| Untracked 
|   7|0x00000000e0700000, 0x00000000e0800000, 0x00000000e0800000|100%| O|  |TAMS 0x00000000e0700000, 0x00000000e0700000| Untracked 
|   8|0x00000000e0800000, 0x00000000e0900000, 0x00000000e0900000|100%| O|  |TAMS 0x00000000e0800000, 0x00000000e0800000| Untracked 
|   9|0x00000000e0900000, 0x00000000e0a00000, 0x00000000e0a00000|100%| O|  |TAMS 0x00000000e0900000, 0x00000000e0900000| Untracked 
|  10|0x00000000e0a00000, 0x00000000e0a6e200, 0x00000000e0b00000| 43%| O|  |TAMS 0x00000000e0a00000, 0x00000000e0a00000| Untracked 
|  11|0x00000000e0b00000, 0x00000000e0c00000, 0x00000000e0c00000|100%|HS|  |TAMS 0x00000000e0b00000, 0x00000000e0b00000| Complete 
|  12|0x00000000e0c00000, 0x00000000e0c00000, 0x00000000e0d00000|  0%| F|  |TAMS 0x00000000e0c00000, 0x00000000e0c00000| Untracked 
|  13|0x00000000e0d00000, 0x00000000e0d00000, 0x00000000e0e00000|  0%| F|  |TAMS 0x00000000e0d00000, 0x00000000e0d00000| Untracked 
|  14|0x00000000e0e00000, 0x00000000e0e00000, 0x00000000e0f00000|  0%| F|  |TAMS 0x00000000e0e00000, 0x00000000e0e00000| Untracked 
|  15|0x00000000e0f00000, 0x00000000e0f00000, 0x00000000e1000000|  0%| F|  |TAMS 0x00000000e0f00000, 0x00000000e0f00000| Untracked 
|  16|0x00000000e1000000, 0x00000000e1000000, 0x00000000e1100000|  0%| F|  |TAMS 0x00000000e1000000, 0x00000000e1000000| Untracked 
|  17|0x00000000e1100000, 0x00000000e1100000, 0x00000000e1200000|  0%| F|  |TAMS 0x00000000e1100000, 0x00000000e1100000| Untracked 
|  18|0x00000000e1200000, 0x00000000e1200000, 0x00000000e1300000|  0%| F|  |TAMS 0x00000000e1200000, 0x00000000e1200000| Untracked 
|  19|0x00000000e1300000, 0x00000000e1300000, 0x00000000e1400000|  0%| F|  |TAMS 0x00000000e1300000, 0x00000000e1300000| Untracked 
|  20|0x00000000e1400000, 0x00000000e1400000, 0x00000000e1500000|  0%| F|  |TAMS 0x00000000e1400000, 0x00000000e1400000| Untracked 
|  21|0x00000000e1500000, 0x00000000e1500000, 0x00000000e1600000|  0%| F|  |TAMS 0x00000000e1500000, 0x00000000e1500000| Untracked 
|  22|0x00000000e1600000, 0x00000000e1600000, 0x00000000e1700000|  0%| F|  |TAMS 0x00000000e1600000, 0x00000000e1600000| Untracked 
|  23|0x00000000e1700000, 0x00000000e1700000, 0x00000000e1800000|  0%| F|  |TAMS 0x00000000e1700000, 0x00000000e1700000| Untracked 
|  24|0x00000000e1800000, 0x00000000e1800000, 0x00000000e1900000|  0%| F|  |TAMS 0x00000000e1800000, 0x00000000e1800000| Untracked 
|  25|0x00000000e1900000, 0x00000000e1900000, 0x00000000e1a00000|  0%| F|  |TAMS 0x00000000e1900000, 0x00000000e1900000| Untracked 
|  26|0x00000000e1a00000, 0x00000000e1a00000, 0x00000000e1b00000|  0%| F|  |TAMS 0x00000000e1a00000, 0x00000000e1a00000| Untracked 
|  27|0x00000000e1b00000, 0x00000000e1b00000, 0x00000000e1c00000|  0%| F|  |TAMS 0x00000000e1b00000, 0x00000000e1b00000| Untracked 
|  28|0x00000000e1c00000, 0x00000000e1c00000, 0x00000000e1d00000|  0%| F|  |TAMS 0x00000000e1c00000, 0x00000000e1c00000| Untracked 
|  29|0x00000000e1d00000, 0x00000000e1d00000, 0x00000000e1e00000|  0%| F|  |TAMS 0x00000000e1d00000, 0x00000000e1d00000| Untracked 
|  30|0x00000000e1e00000, 0x00000000e1e00000, 0x00000000e1f00000|  0%| F|  |TAMS 0x00000000e1e00000, 0x00000000e1e00000| Untracked 
|  31|0x00000000e1f00000, 0x00000000e1f00000, 0x00000000e2000000|  0%| F|  |TAMS 0x00000000e1f00000, 0x00000000e1f00000| Untracked 
|  32|0x00000000e2000000, 0x00000000e2000000, 0x00000000e2100000|  0%| F|  |TAMS 0x00000000e2000000, 0x00000000e2000000| Untracked 
|  33|0x00000000e2100000, 0x00000000e2100000, 0x00000000e2200000|  0%| F|  |TAMS 0x00000000e2100000, 0x00000000e2100000| Untracked 
|  34|0x00000000e2200000, 0x00000000e2200000, 0x00000000e2300000|  0%| F|  |TAMS 0x00000000e2200000, 0x00000000e2200000| Untracked 
|  35|0x00000000e2300000, 0x00000000e2300000, 0x00000000e2400000|  0%| F|  |TAMS 0x00000000e2300000, 0x00000000e2300000| Untracked 
|  36|0x00000000e2400000, 0x00000000e2400000, 0x00000000e2500000|  0%| F|  |TAMS 0x00000000e2400000, 0x00000000e2400000| Untracked 
|  37|0x00000000e2500000, 0x00000000e2500000, 0x00000000e2600000|  0%| F|  |TAMS 0x00000000e2500000, 0x00000000e2500000| Untracked 
|  38|0x00000000e2600000, 0x00000000e2600000, 0x00000000e2700000|  0%| F|  |TAMS 0x00000000e2600000, 0x00000000e2600000| Untracked 
|  39|0x00000000e2700000, 0x00000000e2700000, 0x00000000e2800000|  0%| F|  |TAMS 0x00000000e2700000, 0x00000000e2700000| Untracked 
|  40|0x00000000e2800000, 0x00000000e2800000, 0x00000000e2900000|  0%| F|  |TAMS 0x00000000e2800000, 0x00000000e2800000| Untracked 
|  41|0x00000000e2900000, 0x00000000e2900000, 0x00000000e2a00000|  0%| F|  |TAMS 0x00000000e2900000, 0x00000000e2900000| Untracked 
|  42|0x00000000e2a00000, 0x00000000e2a00000, 0x00000000e2b00000|  0%| F|  |TAMS 0x00000000e2a00000, 0x00000000e2a00000| Untracked 
|  43|0x00000000e2b00000, 0x00000000e2b00000, 0x00000000e2c00000|  0%| F|  |TAMS 0x00000000e2b00000, 0x00000000e2b00000| Untracked 
|  44|0x00000000e2c00000, 0x00000000e2c00000, 0x00000000e2d00000|  0%| F|  |TAMS 0x00000000e2c00000, 0x00000000e2c00000| Untracked 
|  45|0x00000000e2d00000, 0x00000000e2d00000, 0x00000000e2e00000|  0%| F|  |TAMS 0x00000000e2d00000, 0x00000000e2d00000| Untracked 
|  46|0x00000000e2e00000, 0x00000000e2e00000, 0x00000000e2f00000|  0%| F|  |TAMS 0x00000000e2e00000, 0x00000000e2e00000| Untracked 
|  47|0x00000000e2f00000, 0x00000000e2f00000, 0x00000000e3000000|  0%| F|  |TAMS 0x00000000e2f00000, 0x00000000e2f00000| Untracked 
|  48|0x00000000e3000000, 0x00000000e3000000, 0x00000000e3100000|  0%| F|  |TAMS 0x00000000e3000000, 0x00000000e3000000| Untracked 
|  49|0x00000000e3100000, 0x00000000e3100000, 0x00000000e3200000|  0%| F|  |TAMS 0x00000000e3100000, 0x00000000e3100000| Untracked 
|  50|0x00000000e3200000, 0x00000000e3200000, 0x00000000e3300000|  0%| F|  |TAMS 0x00000000e3200000, 0x00000000e3200000| Untracked 
|  51|0x00000000e3300000, 0x00000000e3300000, 0x00000000e3400000|  0%| F|  |TAMS 0x00000000e3300000, 0x00000000e3300000| Untracked 
|  52|0x00000000e3400000, 0x00000000e3400000, 0x00000000e3500000|  0%| F|  |TAMS 0x00000000e3400000, 0x00000000e3400000| Untracked 
|  53|0x00000000e3500000, 0x00000000e3500000, 0x00000000e3600000|  0%| F|  |TAMS 0x00000000e3500000, 0x00000000e3500000| Untracked 
|  54|0x00000000e3600000, 0x00000000e3600000, 0x00000000e3700000|  0%| F|  |TAMS 0x00000000e3600000, 0x00000000e3600000| Untracked 
|  55|0x00000000e3700000, 0x00000000e3700000, 0x00000000e3800000|  0%| F|  |TAMS 0x00000000e3700000, 0x00000000e3700000| Untracked 
|  56|0x00000000e3800000, 0x00000000e3800000, 0x00000000e3900000|  0%| F|  |TAMS 0x00000000e3800000, 0x00000000e3800000| Untracked 
|  57|0x00000000e3900000, 0x00000000e3900000, 0x00000000e3a00000|  0%| F|  |TAMS 0x00000000e3900000, 0x00000000e3900000| Untracked 
|  58|0x00000000e3a00000, 0x00000000e3a00000, 0x00000000e3b00000|  0%| F|  |TAMS 0x00000000e3a00000, 0x00000000e3a00000| Untracked 
|  59|0x00000000e3b00000, 0x00000000e3b00000, 0x00000000e3c00000|  0%| F|  |TAMS 0x00000000e3b00000, 0x00000000e3b00000| Untracked 
|  60|0x00000000e3c00000, 0x00000000e3c00000, 0x00000000e3d00000|  0%| F|  |TAMS 0x00000000e3c00000, 0x00000000e3c00000| Untracked 
|  61|0x00000000e3d00000, 0x00000000e3d00000, 0x00000000e3e00000|  0%| F|  |TAMS 0x00000000e3d00000, 0x00000000e3d00000| Untracked 
|  62|0x00000000e3e00000, 0x00000000e3e00000, 0x00000000e3f00000|  0%| F|  |TAMS 0x00000000e3e00000, 0x00000000e3e00000| Untracked 
|  63|0x00000000e3f00000, 0x00000000e3f00000, 0x00000000e4000000|  0%| F|  |TAMS 0x00000000e3f00000, 0x00000000e3f00000| Untracked 
|  64|0x00000000e4000000, 0x00000000e4000000, 0x00000000e4100000|  0%| F|  |TAMS 0x00000000e4000000, 0x00000000e4000000| Untracked 
|  65|0x00000000e4100000, 0x00000000e4100000, 0x00000000e4200000|  0%| F|  |TAMS 0x00000000e4100000, 0x00000000e4100000| Untracked 
|  66|0x00000000e4200000, 0x00000000e4200000, 0x00000000e4300000|  0%| F|  |TAMS 0x00000000e4200000, 0x00000000e4200000| Untracked 
|  67|0x00000000e4300000, 0x00000000e4300000, 0x00000000e4400000|  0%| F|  |TAMS 0x00000000e4300000, 0x00000000e4300000| Untracked 
|  68|0x00000000e4400000, 0x00000000e4400000, 0x00000000e4500000|  0%| F|  |TAMS 0x00000000e4400000, 0x00000000e4400000| Untracked 
|  69|0x00000000e4500000, 0x00000000e4500000, 0x00000000e4600000|  0%| F|  |TAMS 0x00000000e4500000, 0x00000000e4500000| Untracked 
|  70|0x00000000e4600000, 0x00000000e4600000, 0x00000000e4700000|  0%| F|  |TAMS 0x00000000e4600000, 0x00000000e4600000| Untracked 
|  71|0x00000000e4700000, 0x00000000e4700000, 0x00000000e4800000|  0%| F|  |TAMS 0x00000000e4700000, 0x00000000e4700000| Untracked 
|  72|0x00000000e4800000, 0x00000000e4800000, 0x00000000e4900000|  0%| F|  |TAMS 0x00000000e4800000, 0x00000000e4800000| Untracked 
|  73|0x00000000e4900000, 0x00000000e4900000, 0x00000000e4a00000|  0%| F|  |TAMS 0x00000000e4900000, 0x00000000e4900000| Untracked 
|  74|0x00000000e4a00000, 0x00000000e4a00000, 0x00000000e4b00000|  0%| F|  |TAMS 0x00000000e4a00000, 0x00000000e4a00000| Untracked 
|  75|0x00000000e4b00000, 0x00000000e4b00000, 0x00000000e4c00000|  0%| F|  |TAMS 0x00000000e4b00000, 0x00000000e4b00000| Untracked 
|  76|0x00000000e4c00000, 0x00000000e4c00000, 0x00000000e4d00000|  0%| F|  |TAMS 0x00000000e4c00000, 0x00000000e4c00000| Untracked 
|  77|0x00000000e4d00000, 0x00000000e4d00000, 0x00000000e4e00000|  0%| F|  |TAMS 0x00000000e4d00000, 0x00000000e4d00000| Untracked 
|  78|0x00000000e4e00000, 0x00000000e4e00000, 0x00000000e4f00000|  0%| F|  |TAMS 0x00000000e4e00000, 0x00000000e4e00000| Untracked 
|  79|0x00000000e4f00000, 0x00000000e4f00000, 0x00000000e5000000|  0%| F|  |TAMS 0x00000000e4f00000, 0x00000000e4f00000| Untracked 
|  80|0x00000000e5000000, 0x00000000e5000000, 0x00000000e5100000|  0%| F|  |TAMS 0x00000000e5000000, 0x00000000e5000000| Untracked 
|  81|0x00000000e5100000, 0x00000000e5100000, 0x00000000e5200000|  0%| F|  |TAMS 0x00000000e5100000, 0x00000000e5100000| Untracked 
|  82|0x00000000e5200000, 0x00000000e5200000, 0x00000000e5300000|  0%| F|  |TAMS 0x00000000e5200000, 0x00000000e5200000| Untracked 
|  83|0x00000000e5300000, 0x00000000e5300000, 0x00000000e5400000|  0%| F|  |TAMS 0x00000000e5300000, 0x00000000e5300000| Untracked 
|  84|0x00000000e5400000, 0x00000000e5400000, 0x00000000e5500000|  0%| F|  |TAMS 0x00000000e5400000, 0x00000000e5400000| Untracked 
|  85|0x00000000e5500000, 0x00000000e5500000, 0x00000000e5600000|  0%| F|  |TAMS 0x00000000e5500000, 0x00000000e5500000| Untracked 
|  86|0x00000000e5600000, 0x00000000e5600000, 0x00000000e5700000|  0%| F|  |TAMS 0x00000000e5600000, 0x00000000e5600000| Untracked 
|  87|0x00000000e5700000, 0x00000000e5700000, 0x00000000e5800000|  0%| F|  |TAMS 0x00000000e5700000, 0x00000000e5700000| Untracked 
|  88|0x00000000e5800000, 0x00000000e5800000, 0x00000000e5900000|  0%| F|  |TAMS 0x00000000e5800000, 0x00000000e5800000| Untracked 
|  89|0x00000000e5900000, 0x00000000e5900000, 0x00000000e5a00000|  0%| F|  |TAMS 0x00000000e5900000, 0x00000000e5900000| Untracked 
|  90|0x00000000e5a00000, 0x00000000e5a00000, 0x00000000e5b00000|  0%| F|  |TAMS 0x00000000e5a00000, 0x00000000e5a00000| Untracked 
|  91|0x00000000e5b00000, 0x00000000e5b00000, 0x00000000e5c00000|  0%| F|  |TAMS 0x00000000e5b00000, 0x00000000e5b00000| Untracked 
|  92|0x00000000e5c00000, 0x00000000e5c00000, 0x00000000e5d00000|  0%| F|  |TAMS 0x00000000e5c00000, 0x00000000e5c00000| Untracked 
|  93|0x00000000e5d00000, 0x00000000e5d00000, 0x00000000e5e00000|  0%| F|  |TAMS 0x00000000e5d00000, 0x00000000e5d00000| Untracked 
|  94|0x00000000e5e00000, 0x00000000e5e00000, 0x00000000e5f00000|  0%| F|  |TAMS 0x00000000e5e00000, 0x00000000e5e00000| Untracked 
|  95|0x00000000e5f00000, 0x00000000e5f00000, 0x00000000e6000000|  0%| F|  |TAMS 0x00000000e5f00000, 0x00000000e5f00000| Untracked 
|  96|0x00000000e6000000, 0x00000000e6000000, 0x00000000e6100000|  0%| F|  |TAMS 0x00000000e6000000, 0x00000000e6000000| Untracked 
|  97|0x00000000e6100000, 0x00000000e6100000, 0x00000000e6200000|  0%| F|  |TAMS 0x00000000e6100000, 0x00000000e6100000| Untracked 
|  98|0x00000000e6200000, 0x00000000e6200000, 0x00000000e6300000|  0%| F|  |TAMS 0x00000000e6200000, 0x00000000e6200000| Untracked 
|  99|0x00000000e6300000, 0x00000000e6300000, 0x00000000e6400000|  0%| F|  |TAMS 0x00000000e6300000, 0x00000000e6300000| Untracked 
| 100|0x00000000e6400000, 0x00000000e6400000, 0x00000000e6500000|  0%| F|  |TAMS 0x00000000e6400000, 0x00000000e6400000| Untracked 
| 101|0x00000000e6500000, 0x00000000e6500000, 0x00000000e6600000|  0%| F|  |TAMS 0x00000000e6500000, 0x00000000e6500000| Untracked 
| 102|0x00000000e6600000, 0x00000000e6600000, 0x00000000e6700000|  0%| F|  |TAMS 0x00000000e6600000, 0x00000000e6600000| Untracked 
| 103|0x00000000e6700000, 0x00000000e6700000, 0x00000000e6800000|  0%| F|  |TAMS 0x00000000e6700000, 0x00000000e6700000| Untracked 
| 104|0x00000000e6800000, 0x00000000e6800000, 0x00000000e6900000|  0%| F|  |TAMS 0x00000000e6800000, 0x00000000e6800000| Untracked 
| 105|0x00000000e6900000, 0x00000000e6900000, 0x00000000e6a00000|  0%| F|  |TAMS 0x00000000e6900000, 0x00000000e6900000| Untracked 
| 106|0x00000000e6a00000, 0x00000000e6a00000, 0x00000000e6b00000|  0%| F|  |TAMS 0x00000000e6a00000, 0x00000000e6a00000| Untracked 
| 107|0x00000000e6b00000, 0x00000000e6b00000, 0x00000000e6c00000|  0%| F|  |TAMS 0x00000000e6b00000, 0x00000000e6b00000| Untracked 
| 108|0x00000000e6c00000, 0x00000000e6c00000, 0x00000000e6d00000|  0%| F|  |TAMS 0x00000000e6c00000, 0x00000000e6c00000| Untracked 
| 109|0x00000000e6d00000, 0x00000000e6d00000, 0x00000000e6e00000|  0%| F|  |TAMS 0x00000000e6d00000, 0x00000000e6d00000| Untracked 
| 110|0x00000000e6e00000, 0x00000000e6e00000, 0x00000000e6f00000|  0%| F|  |TAMS 0x00000000e6e00000, 0x00000000e6e00000| Untracked 
| 111|0x00000000e6f00000, 0x00000000e6f00000, 0x00000000e7000000|  0%| F|  |TAMS 0x00000000e6f00000, 0x00000000e6f00000| Untracked 
| 112|0x00000000e7000000, 0x00000000e7000000, 0x00000000e7100000|  0%| F|  |TAMS 0x00000000e7000000, 0x00000000e7000000| Untracked 
| 113|0x00000000e7100000, 0x00000000e7100000, 0x00000000e7200000|  0%| F|  |TAMS 0x00000000e7100000, 0x00000000e7100000| Untracked 
| 114|0x00000000e7200000, 0x00000000e7200000, 0x00000000e7300000|  0%| F|  |TAMS 0x00000000e7200000, 0x00000000e7200000| Untracked 
| 115|0x00000000e7300000, 0x00000000e7300000, 0x00000000e7400000|  0%| F|  |TAMS 0x00000000e7300000, 0x00000000e7300000| Untracked 
| 116|0x00000000e7400000, 0x00000000e7400000, 0x00000000e7500000|  0%| F|  |TAMS 0x00000000e7400000, 0x00000000e7400000| Untracked 
| 117|0x00000000e7500000, 0x00000000e7500000, 0x00000000e7600000|  0%| F|  |TAMS 0x00000000e7500000, 0x00000000e7500000| Untracked 
| 118|0x00000000e7600000, 0x00000000e7600000, 0x00000000e7700000|  0%| F|  |TAMS 0x00000000e7600000, 0x00000000e7600000| Untracked 
| 119|0x00000000e7700000, 0x00000000e7700000, 0x00000000e7800000|  0%| F|  |TAMS 0x00000000e7700000, 0x00000000e7700000| Untracked 
| 120|0x00000000e7800000, 0x00000000e7800000, 0x00000000e7900000|  0%| F|  |TAMS 0x00000000e7800000, 0x00000000e7800000| Untracked 
| 121|0x00000000e7900000, 0x00000000e7900000, 0x00000000e7a00000|  0%| F|  |TAMS 0x00000000e7900000, 0x00000000e7900000| Untracked 
| 122|0x00000000e7a00000, 0x00000000e7a00000, 0x00000000e7b00000|  0%| F|  |TAMS 0x00000000e7a00000, 0x00000000e7a00000| Untracked 
| 123|0x00000000e7b00000, 0x00000000e7b00000, 0x00000000e7c00000|  0%| F|  |TAMS 0x00000000e7b00000, 0x00000000e7b00000| Untracked 
| 124|0x00000000e7c00000, 0x00000000e7c00000, 0x00000000e7d00000|  0%| F|  |TAMS 0x00000000e7c00000, 0x00000000e7c00000| Untracked 
| 125|0x00000000e7d00000, 0x00000000e7d00000, 0x00000000e7e00000|  0%| F|  |TAMS 0x00000000e7d00000, 0x00000000e7d00000| Untracked 
| 126|0x00000000e7e00000, 0x00000000e7e00000, 0x00000000e7f00000|  0%| F|  |TAMS 0x00000000e7e00000, 0x00000000e7e00000| Untracked 
| 127|0x00000000e7f00000, 0x00000000e7f00000, 0x00000000e8000000|  0%| F|  |TAMS 0x00000000e7f00000, 0x00000000e7f00000| Untracked 
| 128|0x00000000e8000000, 0x00000000e8000000, 0x00000000e8100000|  0%| F|  |TAMS 0x00000000e8000000, 0x00000000e8000000| Untracked 
| 129|0x00000000e8100000, 0x00000000e8100000, 0x00000000e8200000|  0%| F|  |TAMS 0x00000000e8100000, 0x00000000e8100000| Untracked 
| 130|0x00000000e8200000, 0x00000000e8200000, 0x00000000e8300000|  0%| F|  |TAMS 0x00000000e8200000, 0x00000000e8200000| Untracked 
| 131|0x00000000e8300000, 0x00000000e8300000, 0x00000000e8400000|  0%| F|  |TAMS 0x00000000e8300000, 0x00000000e8300000| Untracked 
| 132|0x00000000e8400000, 0x00000000e8400000, 0x00000000e8500000|  0%| F|  |TAMS 0x00000000e8400000, 0x00000000e8400000| Untracked 
| 133|0x00000000e8500000, 0x00000000e8500000, 0x00000000e8600000|  0%| F|  |TAMS 0x00000000e8500000, 0x00000000e8500000| Untracked 
| 134|0x00000000e8600000, 0x00000000e8600000, 0x00000000e8700000|  0%| F|  |TAMS 0x00000000e8600000, 0x00000000e8600000| Untracked 
| 135|0x00000000e8700000, 0x00000000e8700000, 0x00000000e8800000|  0%| F|  |TAMS 0x00000000e8700000, 0x00000000e8700000| Untracked 
| 136|0x00000000e8800000, 0x00000000e8800000, 0x00000000e8900000|  0%| F|  |TAMS 0x00000000e8800000, 0x00000000e8800000| Untracked 
| 137|0x00000000e8900000, 0x00000000e8900000, 0x00000000e8a00000|  0%| F|  |TAMS 0x00000000e8900000, 0x00000000e8900000| Untracked 
| 138|0x00000000e8a00000, 0x00000000e8a00000, 0x00000000e8b00000|  0%| F|  |TAMS 0x00000000e8a00000, 0x00000000e8a00000| Untracked 
| 139|0x00000000e8b00000, 0x00000000e8b00000, 0x00000000e8c00000|  0%| F|  |TAMS 0x00000000e8b00000, 0x00000000e8b00000| Untracked 
| 140|0x00000000e8c00000, 0x00000000e8c00000, 0x00000000e8d00000|  0%| F|  |TAMS 0x00000000e8c00000, 0x00000000e8c00000| Untracked 
| 141|0x00000000e8d00000, 0x00000000e8d00000, 0x00000000e8e00000|  0%| F|  |TAMS 0x00000000e8d00000, 0x00000000e8d00000| Untracked 
| 142|0x00000000e8e00000, 0x00000000e8e00000, 0x00000000e8f00000|  0%| F|  |TAMS 0x00000000e8e00000, 0x00000000e8e00000| Untracked 
| 143|0x00000000e8f00000, 0x00000000e8f00000, 0x00000000e9000000|  0%| F|  |TAMS 0x00000000e8f00000, 0x00000000e8f00000| Untracked 
| 144|0x00000000e9000000, 0x00000000e9000000, 0x00000000e9100000|  0%| F|  |TAMS 0x00000000e9000000, 0x00000000e9000000| Untracked 
| 145|0x00000000e9100000, 0x00000000e9100000, 0x00000000e9200000|  0%| F|  |TAMS 0x00000000e9100000, 0x00000000e9100000| Untracked 
| 146|0x00000000e9200000, 0x00000000e9200000, 0x00000000e9300000|  0%| F|  |TAMS 0x00000000e9200000, 0x00000000e9200000| Untracked 
| 147|0x00000000e9300000, 0x00000000e9300000, 0x00000000e9400000|  0%| F|  |TAMS 0x00000000e9300000, 0x00000000e9300000| Untracked 
| 148|0x00000000e9400000, 0x00000000e9400000, 0x00000000e9500000|  0%| F|  |TAMS 0x00000000e9400000, 0x00000000e9400000| Untracked 
| 149|0x00000000e9500000, 0x00000000e9500000, 0x00000000e9600000|  0%| F|  |TAMS 0x00000000e9500000, 0x00000000e9500000| Untracked 
| 150|0x00000000e9600000, 0x00000000e9600000, 0x00000000e9700000|  0%| F|  |TAMS 0x00000000e9600000, 0x00000000e9600000| Untracked 
| 151|0x00000000e9700000, 0x00000000e9700000, 0x00000000e9800000|  0%| F|  |TAMS 0x00000000e9700000, 0x00000000e9700000| Untracked 
| 152|0x00000000e9800000, 0x00000000e9800000, 0x00000000e9900000|  0%| F|  |TAMS 0x00000000e9800000, 0x00000000e9800000| Untracked 
| 153|0x00000000e9900000, 0x00000000e9900000, 0x00000000e9a00000|  0%| F|  |TAMS 0x00000000e9900000, 0x00000000e9900000| Untracked 
| 154|0x00000000e9a00000, 0x00000000e9a00000, 0x00000000e9b00000|  0%| F|  |TAMS 0x00000000e9a00000, 0x00000000e9a00000| Untracked 
| 155|0x00000000e9b00000, 0x00000000e9b00000, 0x00000000e9c00000|  0%| F|  |TAMS 0x00000000e9b00000, 0x00000000e9b00000| Untracked 
| 156|0x00000000e9c00000, 0x00000000e9c00000, 0x00000000e9d00000|  0%| F|  |TAMS 0x00000000e9c00000, 0x00000000e9c00000| Untracked 
| 157|0x00000000e9d00000, 0x00000000e9d00000, 0x00000000e9e00000|  0%| F|  |TAMS 0x00000000e9d00000, 0x00000000e9d00000| Untracked 
| 158|0x00000000e9e00000, 0x00000000e9e00000, 0x00000000e9f00000|  0%| F|  |TAMS 0x00000000e9e00000, 0x00000000e9e00000| Untracked 
| 159|0x00000000e9f00000, 0x00000000e9f00000, 0x00000000ea000000|  0%| F|  |TAMS 0x00000000e9f00000, 0x00000000e9f00000| Untracked 
| 160|0x00000000ea000000, 0x00000000ea000000, 0x00000000ea100000|  0%| F|  |TAMS 0x00000000ea000000, 0x00000000ea000000| Untracked 
| 161|0x00000000ea100000, 0x00000000ea100000, 0x00000000ea200000|  0%| F|  |TAMS 0x00000000ea100000, 0x00000000ea100000| Untracked 
| 162|0x00000000ea200000, 0x00000000ea200000, 0x00000000ea300000|  0%| F|  |TAMS 0x00000000ea200000, 0x00000000ea200000| Untracked 
| 163|0x00000000ea300000, 0x00000000ea300000, 0x00000000ea400000|  0%| F|  |TAMS 0x00000000ea300000, 0x00000000ea300000| Untracked 
| 164|0x00000000ea400000, 0x00000000ea400000, 0x00000000ea500000|  0%| F|  |TAMS 0x00000000ea400000, 0x00000000ea400000| Untracked 
| 165|0x00000000ea500000, 0x00000000ea500000, 0x00000000ea600000|  0%| F|  |TAMS 0x00000000ea500000, 0x00000000ea500000| Untracked 
| 166|0x00000000ea600000, 0x00000000ea600000, 0x00000000ea700000|  0%| F|  |TAMS 0x00000000ea600000, 0x00000000ea600000| Untracked 
| 167|0x00000000ea700000, 0x00000000ea700000, 0x00000000ea800000|  0%| F|  |TAMS 0x00000000ea700000, 0x00000000ea700000| Untracked 
| 168|0x00000000ea800000, 0x00000000ea800000, 0x00000000ea900000|  0%| F|  |TAMS 0x00000000ea800000, 0x00000000ea800000| Untracked 
| 169|0x00000000ea900000, 0x00000000ea900000, 0x00000000eaa00000|  0%| F|  |TAMS 0x00000000ea900000, 0x00000000ea900000| Untracked 
| 170|0x00000000eaa00000, 0x00000000eaa00000, 0x00000000eab00000|  0%| F|  |TAMS 0x00000000eaa00000, 0x00000000eaa00000| Untracked 
| 171|0x00000000eab00000, 0x00000000eab00000, 0x00000000eac00000|  0%| F|  |TAMS 0x00000000eab00000, 0x00000000eab00000| Untracked 
| 172|0x00000000eac00000, 0x00000000eac00000, 0x00000000ead00000|  0%| F|  |TAMS 0x00000000eac00000, 0x00000000eac00000| Untracked 
| 173|0x00000000ead00000, 0x00000000ead00000, 0x00000000eae00000|  0%| F|  |TAMS 0x00000000ead00000, 0x00000000ead00000| Untracked 
| 174|0x00000000eae00000, 0x00000000eae00000, 0x00000000eaf00000|  0%| F|  |TAMS 0x00000000eae00000, 0x00000000eae00000| Untracked 
| 175|0x00000000eaf00000, 0x00000000eaf00000, 0x00000000eb000000|  0%| F|  |TAMS 0x00000000eaf00000, 0x00000000eaf00000| Untracked 
| 176|0x00000000eb000000, 0x00000000eb000000, 0x00000000eb100000|  0%| F|  |TAMS 0x00000000eb000000, 0x00000000eb000000| Untracked 
| 177|0x00000000eb100000, 0x00000000eb100000, 0x00000000eb200000|  0%| F|  |TAMS 0x00000000eb100000, 0x00000000eb100000| Untracked 
| 178|0x00000000eb200000, 0x00000000eb200000, 0x00000000eb300000|  0%| F|  |TAMS 0x00000000eb200000, 0x00000000eb200000| Untracked 
| 179|0x00000000eb300000, 0x00000000eb300000, 0x00000000eb400000|  0%| F|  |TAMS 0x00000000eb300000, 0x00000000eb300000| Untracked 
| 180|0x00000000eb400000, 0x00000000eb400000, 0x00000000eb500000|  0%| F|  |TAMS 0x00000000eb400000, 0x00000000eb400000| Untracked 
| 181|0x00000000eb500000, 0x00000000eb500000, 0x00000000eb600000|  0%| F|  |TAMS 0x00000000eb500000, 0x00000000eb500000| Untracked 
| 182|0x00000000eb600000, 0x00000000eb600000, 0x00000000eb700000|  0%| F|  |TAMS 0x00000000eb600000, 0x00000000eb600000| Untracked 
| 183|0x00000000eb700000, 0x00000000eb700000, 0x00000000eb800000|  0%| F|  |TAMS 0x00000000eb700000, 0x00000000eb700000| Untracked 
| 184|0x00000000eb800000, 0x00000000eb800000, 0x00000000eb900000|  0%| F|  |TAMS 0x00000000eb800000, 0x00000000eb800000| Untracked 
| 185|0x00000000eb900000, 0x00000000eb900000, 0x00000000eba00000|  0%| F|  |TAMS 0x00000000eb900000, 0x00000000eb900000| Untracked 
| 186|0x00000000eba00000, 0x00000000eba00000, 0x00000000ebb00000|  0%| F|  |TAMS 0x00000000eba00000, 0x00000000eba00000| Untracked 
| 187|0x00000000ebb00000, 0x00000000ebb00000, 0x00000000ebc00000|  0%| F|  |TAMS 0x00000000ebb00000, 0x00000000ebb00000| Untracked 
| 188|0x00000000ebc00000, 0x00000000ebc00000, 0x00000000ebd00000|  0%| F|  |TAMS 0x00000000ebc00000, 0x00000000ebc00000| Untracked 
| 189|0x00000000ebd00000, 0x00000000ebd00000, 0x00000000ebe00000|  0%| F|  |TAMS 0x00000000ebd00000, 0x00000000ebd00000| Untracked 
| 190|0x00000000ebe00000, 0x00000000ebe00000, 0x00000000ebf00000|  0%| F|  |TAMS 0x00000000ebe00000, 0x00000000ebe00000| Untracked 
| 191|0x00000000ebf00000, 0x00000000ebf00000, 0x00000000ec000000|  0%| F|  |TAMS 0x00000000ebf00000, 0x00000000ebf00000| Untracked 
| 192|0x00000000ec000000, 0x00000000ec000000, 0x00000000ec100000|  0%| F|  |TAMS 0x00000000ec000000, 0x00000000ec000000| Untracked 
| 193|0x00000000ec100000, 0x00000000ec180800, 0x00000000ec200000| 50%| E|  |TAMS 0x00000000ec100000, 0x00000000ec100000| Complete 
| 194|0x00000000ec200000, 0x00000000ec300000, 0x00000000ec300000|100%| E|CS|TAMS 0x00000000ec200000, 0x00000000ec200000| Complete 
| 195|0x00000000ec300000, 0x00000000ec400000, 0x00000000ec400000|100%| E|CS|TAMS 0x00000000ec300000, 0x00000000ec300000| Complete 
| 196|0x00000000ec400000, 0x00000000ec500000, 0x00000000ec500000|100%| E|CS|TAMS 0x00000000ec400000, 0x00000000ec400000| Complete 
| 197|0x00000000ec500000, 0x00000000ec600000, 0x00000000ec600000|100%| E|CS|TAMS 0x00000000ec500000, 0x00000000ec500000| Complete 
| 198|0x00000000ec600000, 0x00000000ec700000, 0x00000000ec700000|100%| E|CS|TAMS 0x00000000ec600000, 0x00000000ec600000| Complete 
| 199|0x00000000ec700000, 0x00000000ec800000, 0x00000000ec800000|100%| E|CS|TAMS 0x00000000ec700000, 0x00000000ec700000| Complete 
| 200|0x00000000ec800000, 0x00000000ec900000, 0x00000000ec900000|100%| E|CS|TAMS 0x00000000ec800000, 0x00000000ec800000| Complete 
| 201|0x00000000ec900000, 0x00000000eca00000, 0x00000000eca00000|100%| E|CS|TAMS 0x00000000ec900000, 0x00000000ec900000| Complete 
| 202|0x00000000eca00000, 0x00000000ecb00000, 0x00000000ecb00000|100%| E|CS|TAMS 0x00000000eca00000, 0x00000000eca00000| Complete 
| 203|0x00000000ecb00000, 0x00000000ecc00000, 0x00000000ecc00000|100%| E|CS|TAMS 0x00000000ecb00000, 0x00000000ecb00000| Complete 
| 204|0x00000000ecc00000, 0x00000000ecd00000, 0x00000000ecd00000|100%| E|CS|TAMS 0x00000000ecc00000, 0x00000000ecc00000| Complete 
| 205|0x00000000ecd00000, 0x00000000ece00000, 0x00000000ece00000|100%| E|CS|TAMS 0x00000000ecd00000, 0x00000000ecd00000| Complete 
| 206|0x00000000ece00000, 0x00000000ecf00000, 0x00000000ecf00000|100%| E|CS|TAMS 0x00000000ece00000, 0x00000000ece00000| Complete 
| 207|0x00000000ecf00000, 0x00000000ed000000, 0x00000000ed000000|100%| E|CS|TAMS 0x00000000ecf00000, 0x00000000ecf00000| Complete 
| 208|0x00000000ed000000, 0x00000000ed100000, 0x00000000ed100000|100%| E|CS|TAMS 0x00000000ed000000, 0x00000000ed000000| Complete 
| 209|0x00000000ed100000, 0x00000000ed200000, 0x00000000ed200000|100%| E|CS|TAMS 0x00000000ed100000, 0x00000000ed100000| Complete 
| 210|0x00000000ed200000, 0x00000000ed300000, 0x00000000ed300000|100%| E|CS|TAMS 0x00000000ed200000, 0x00000000ed200000| Complete 
| 211|0x00000000ed300000, 0x00000000ed400000, 0x00000000ed400000|100%| E|CS|TAMS 0x00000000ed300000, 0x00000000ed300000| Complete 
| 212|0x00000000ed400000, 0x00000000ed500000, 0x00000000ed500000|100%| E|CS|TAMS 0x00000000ed400000, 0x00000000ed400000| Complete 
| 213|0x00000000ed500000, 0x00000000ed600000, 0x00000000ed600000|100%| E|CS|TAMS 0x00000000ed500000, 0x00000000ed500000| Complete 
| 214|0x00000000ed600000, 0x00000000ed700000, 0x00000000ed700000|100%| E|CS|TAMS 0x00000000ed600000, 0x00000000ed600000| Complete 
| 215|0x00000000ed700000, 0x00000000ed800000, 0x00000000ed800000|100%| E|CS|TAMS 0x00000000ed700000, 0x00000000ed700000| Complete 
| 216|0x00000000ed800000, 0x00000000ed900000, 0x00000000ed900000|100%| E|CS|TAMS 0x00000000ed800000, 0x00000000ed800000| Complete 
| 217|0x00000000ed900000, 0x00000000eda00000, 0x00000000eda00000|100%| E|CS|TAMS 0x00000000ed900000, 0x00000000ed900000| Complete 
| 218|0x00000000eda00000, 0x00000000edb00000, 0x00000000edb00000|100%| E|CS|TAMS 0x00000000eda00000, 0x00000000eda00000| Complete 
| 219|0x00000000edb00000, 0x00000000edc00000, 0x00000000edc00000|100%| E|CS|TAMS 0x00000000edb00000, 0x00000000edb00000| Complete 
| 220|0x00000000edc00000, 0x00000000edd00000, 0x00000000edd00000|100%| E|CS|TAMS 0x00000000edc00000, 0x00000000edc00000| Complete 
| 221|0x00000000edd00000, 0x00000000ede00000, 0x00000000ede00000|100%| E|CS|TAMS 0x00000000edd00000, 0x00000000edd00000| Complete 
| 222|0x00000000ede00000, 0x00000000edf00000, 0x00000000edf00000|100%| E|CS|TAMS 0x00000000ede00000, 0x00000000ede00000| Complete 
| 223|0x00000000edf00000, 0x00000000ee000000, 0x00000000ee000000|100%| E|CS|TAMS 0x00000000edf00000, 0x00000000edf00000| Complete 
| 224|0x00000000ee000000, 0x00000000ee100000, 0x00000000ee100000|100%| E|CS|TAMS 0x00000000ee000000, 0x00000000ee000000| Complete 
| 225|0x00000000ee100000, 0x00000000ee200000, 0x00000000ee200000|100%| E|CS|TAMS 0x00000000ee100000, 0x00000000ee100000| Complete 
| 226|0x00000000ee200000, 0x00000000ee2b0c40, 0x00000000ee300000| 69%| S|CS|TAMS 0x00000000ee200000, 0x00000000ee200000| Complete 
| 227|0x00000000ee300000, 0x00000000ee400000, 0x00000000ee400000|100%| E|CS|TAMS 0x00000000ee300000, 0x00000000ee300000| Complete 
| 228|0x00000000ee400000, 0x00000000ee500000, 0x00000000ee500000|100%| E|CS|TAMS 0x00000000ee400000, 0x00000000ee400000| Complete 
| 229|0x00000000ee500000, 0x00000000ee600000, 0x00000000ee600000|100%| E|CS|TAMS 0x00000000ee500000, 0x00000000ee500000| Complete 
| 230|0x00000000ee600000, 0x00000000ee700000, 0x00000000ee700000|100%| E|CS|TAMS 0x00000000ee600000, 0x00000000ee600000| Complete 
| 231|0x00000000ee700000, 0x00000000ee800000, 0x00000000ee800000|100%| E|CS|TAMS 0x00000000ee700000, 0x00000000ee700000| Complete 
| 232|0x00000000ee800000, 0x00000000ee900000, 0x00000000ee900000|100%| E|CS|TAMS 0x00000000ee800000, 0x00000000ee800000| Complete 
| 233|0x00000000ee900000, 0x00000000eea00000, 0x00000000eea00000|100%| E|CS|TAMS 0x00000000ee900000, 0x00000000ee900000| Complete 
| 234|0x00000000eea00000, 0x00000000eeb00000, 0x00000000eeb00000|100%| E|CS|TAMS 0x00000000eea00000, 0x00000000eea00000| Complete 
| 235|0x00000000eeb00000, 0x00000000eec00000, 0x00000000eec00000|100%| E|CS|TAMS 0x00000000eeb00000, 0x00000000eeb00000| Complete 
| 236|0x00000000eec00000, 0x00000000eed00000, 0x00000000eed00000|100%| E|CS|TAMS 0x00000000eec00000, 0x00000000eec00000| Complete 
| 237|0x00000000eed00000, 0x00000000eee00000, 0x00000000eee00000|100%| E|CS|TAMS 0x00000000eed00000, 0x00000000eed00000| Complete 
| 238|0x00000000eee00000, 0x00000000eef00000, 0x00000000eef00000|100%| E|CS|TAMS 0x00000000eee00000, 0x00000000eee00000| Complete 
| 239|0x00000000eef00000, 0x00000000ef000000, 0x00000000ef000000|100%| E|CS|TAMS 0x00000000eef00000, 0x00000000eef00000| Complete 
| 240|0x00000000ef000000, 0x00000000ef100000, 0x00000000ef100000|100%| E|CS|TAMS 0x00000000ef000000, 0x00000000ef000000| Complete 
| 241|0x00000000ef100000, 0x00000000ef200000, 0x00000000ef200000|100%| E|CS|TAMS 0x00000000ef100000, 0x00000000ef100000| Complete 
| 242|0x00000000ef200000, 0x00000000ef300000, 0x00000000ef300000|100%| E|CS|TAMS 0x00000000ef200000, 0x00000000ef200000| Complete 
| 243|0x00000000ef300000, 0x00000000ef400000, 0x00000000ef400000|100%| E|CS|TAMS 0x00000000ef300000, 0x00000000ef300000| Complete 
| 244|0x00000000ef400000, 0x00000000ef500000, 0x00000000ef500000|100%| E|CS|TAMS 0x00000000ef400000, 0x00000000ef400000| Complete 
| 245|0x00000000ef500000, 0x00000000ef600000, 0x00000000ef600000|100%| E|CS|TAMS 0x00000000ef500000, 0x00000000ef500000| Complete 
| 246|0x00000000ef600000, 0x00000000ef700000, 0x00000000ef700000|100%| E|CS|TAMS 0x00000000ef600000, 0x00000000ef600000| Complete 
| 247|0x00000000ef700000, 0x00000000ef800000, 0x00000000ef800000|100%| E|CS|TAMS 0x00000000ef700000, 0x00000000ef700000| Complete 
| 248|0x00000000ef800000, 0x00000000ef900000, 0x00000000ef900000|100%| E|CS|TAMS 0x00000000ef800000, 0x00000000ef800000| Complete 
| 249|0x00000000ef900000, 0x00000000efa00000, 0x00000000efa00000|100%| E|CS|TAMS 0x00000000ef900000, 0x00000000ef900000| Complete 
| 250|0x00000000efa00000, 0x00000000efb00000, 0x00000000efb00000|100%| E|CS|TAMS 0x00000000efa00000, 0x00000000efa00000| Complete 
| 251|0x00000000efb00000, 0x00000000efc00000, 0x00000000efc00000|100%| E|CS|TAMS 0x00000000efb00000, 0x00000000efb00000| Complete 
| 252|0x00000000efc00000, 0x00000000efd00000, 0x00000000efd00000|100%| E|CS|TAMS 0x00000000efc00000, 0x00000000efc00000| Complete 
| 253|0x00000000efd00000, 0x00000000efe00000, 0x00000000efe00000|100%| E|CS|TAMS 0x00000000efd00000, 0x00000000efd00000| Complete 
| 254|0x00000000efe00000, 0x00000000eff00000, 0x00000000eff00000|100%| E|CS|TAMS 0x00000000efe00000, 0x00000000efe00000| Complete 
| 255|0x00000000eff00000, 0x00000000f0000000, 0x00000000f0000000|100%| E|CS|TAMS 0x00000000eff00000, 0x00000000eff00000| Complete 

Card table byte_map: [0x00000206585c0000,0x00000206586c0000] _byte_map_base: 0x0000020657ec0000

Marking Bits (Prev, Next): (CMBitMap*) 0x00000206416a7ec0, (CMBitMap*) 0x00000206416a7f00
 Prev Bits: [0x00000206587c0000, 0x0000020658fc0000)
 Next Bits: [0x0000020658fc0000, 0x00000206597c0000)

Polling page: 0x000002063f7f0000

Metaspace:

Usage:
  Non-class:     11.52 MB used.
      Class:      1.87 MB used.
       Both:     13.39 MB used.

Virtual space:
  Non-class space:       64.00 MB reserved,      11.69 MB ( 18%) committed,  1 nodes.
      Class space:      320.00 MB reserved,       2.00 MB ( <1%) committed,  1 nodes.
             Both:      384.00 MB reserved,      13.69 MB (  4%) committed. 

Chunk freelists:
   Non-Class:  3.86 MB
       Class:  14.02 MB
        Both:  17.88 MB

MaxMetaspaceSize: 384.00 MB
CompressedClassSpaceSize: 320.00 MB
Initial GC threshold: 21.00 MB
Current GC threshold: 21.00 MB
CDS: on
MetaspaceReclaimPolicy: balanced
 - commit_granule_bytes: 65536.
 - commit_granule_words: 8192.
 - virtual_space_node_default_size: 8388608.
 - enlarge_chunks_in_place: 1.
 - new_chunks_are_fully_committed: 0.
 - uncommit_free_chunks: 1.
 - use_allocation_guard: 0.
 - handle_deallocations: 1.


Internal statistics:

num_allocs_failed_limit: 0.
num_arena_births: 186.
num_arena_deaths: 0.
num_vsnodes_births: 2.
num_vsnodes_deaths: 0.
num_space_committed: 219.
num_space_uncommitted: 0.
num_chunks_returned_to_freelist: 0.
num_chunks_taken_from_freelist: 587.
num_chunk_merges: 0.
num_chunk_splits: 406.
num_chunks_enlarged: 313.
num_inconsistent_stats: 0.

CodeHeap 'non-profiled nmethods': size=120000Kb used=1188Kb max_used=1188Kb free=118811Kb
 bounds [0x0000020650c60000, 0x0000020650ed0000, 0x0000020658190000]
CodeHeap 'profiled nmethods': size=120000Kb used=4609Kb max_used=4609Kb free=115390Kb
 bounds [0x0000020649190000, 0x0000020649620000, 0x00000206506c0000]
CodeHeap 'non-nmethods': size=5760Kb used=1211Kb max_used=1235Kb free=4548Kb
 bounds [0x00000206506c0000, 0x0000020650930000, 0x0000020650c60000]
 total_blobs=2787 nmethods=2263 adapters=436
 compilation: enabled
              stopped_count=0, restarted_count=0
 full_count=0

Compilation events (20 events):
Event: 28.630 Thread 0x000002065c3a80e0 nmethod 2247 0x0000020650d88490 code [0x0000020650d88620, 0x0000020650d886f8]
Event: 28.635 Thread 0x000002065c3a80e0 2248       3       sun.reflect.annotation.AnnotationParser::parseSig (62 bytes)
Event: 28.636 Thread 0x000002065c3a80e0 nmethod 2248 0x00000206495f2310 code [0x00000206495f2600, 0x00000206495f37d8]
Event: 28.636 Thread 0x000002065c3a80e0 2249       3       org.gradle.internal.service.DefaultServiceRegistry$OwnServices::collectProvidersForClassHierarchy (95 bytes)
Event: 28.637 Thread 0x000002065c3a80e0 nmethod 2249 0x00000206495f3d90 code [0x00000206495f4080, 0x00000206495f5118]
Event: 28.637 Thread 0x000002065c3a80e0 2251       3       sun.reflect.generics.visitor.Reifier::visitClassTypeSignature (381 bytes)
Event: 28.639 Thread 0x000002065c3a80e0 nmethod 2251 0x00000206495f5690 code [0x00000206495f5aa0, 0x00000206495f7688]
Event: 28.642 Thread 0x000002065c3a80e0 2252       3       jdk.internal.org.objectweb.asm.MethodWriter::putAbstractTypes (31 bytes)
Event: 28.643 Thread 0x000002065c3a80e0 nmethod 2252 0x00000206495f8010 code [0x00000206495f81c0, 0x00000206495f8408]
Event: 28.643 Thread 0x000002065c3a80e0 2253       3       jdk.internal.org.objectweb.asm.Frame::putAbstractType (379 bytes)
Event: 28.644 Thread 0x000002065c3a80e0 nmethod 2253 0x00000206495f8590 code [0x00000206495f89c0, 0x00000206495fa118]
Event: 28.680 Thread 0x000002065c3a80e0 2254       3       java.util.concurrent.locks.ReentrantLock$NonfairSync::initialTryLock (58 bytes)
Event: 28.680 Thread 0x000002065c3a80e0 nmethod 2254 0x00000206495fab90 code [0x00000206495fad60, 0x00000206495fb178]
Event: 28.680 Thread 0x000002065c3a80e0 2255       3       java.util.concurrent.locks.ReentrantLock::unlock (10 bytes)
Event: 28.680 Thread 0x000002065c3a80e0 nmethod 2255 0x00000206495fb290 code [0x00000206495fb460, 0x00000206495fb738]
Event: 28.681 Thread 0x000002065c3a80e0 2256       1       org.gradle.internal.service.DefaultServiceRegistry::access$1700 (5 bytes)
Event: 28.681 Thread 0x000002065c3a80e0 nmethod 2256 0x0000020650d88c10 code [0x0000020650d88da0, 0x0000020650d88e58]
Event: 28.681 Thread 0x000002065c3a80e0 2257       3       org.gradle.internal.service.DefaultServiceRegistry$OwnServices::getProviders (26 bytes)
Event: 28.681 Thread 0x000002065c3a80e0 nmethod 2257 0x00000206495fb890 code [0x00000206495fba40, 0x00000206495fbdc8]
Event: 28.681 Thread 0x000002065c3a80e0 2258       3       org.gradle.internal.service.DefaultServiceRegistry$OwnServices::getService (309 bytes)

GC Heap History (4 events):
Event: 7.142 GC heap before
{Heap before GC invocations=0 (full 0):
 garbage-first heap   total 262144K, used 26624K [0x00000000e0000000, 0x0000000100000000)
  region size 1024K, 23 young (23552K), 0 survivors (0K)
 Metaspace       used 3024K, committed 3136K, reserved 393216K
  class space    used 387K, committed 448K, reserved 327680K
}
Event: 7.686 GC heap after
{Heap after GC invocations=1 (full 0):
 garbage-first heap   total 262144K, used 10551K [0x00000000e0000000, 0x0000000100000000)
  region size 1024K, 3 young (3072K), 3 survivors (3072K)
 Metaspace       used 3024K, committed 3136K, reserved 393216K
  class space    used 387K, committed 448K, reserved 327680K
}
Event: 10.732 GC heap before
{Heap before GC invocations=1 (full 0):
 garbage-first heap   total 262144K, used 37175K [0x00000000e0000000, 0x0000000100000000)
  region size 1024K, 29 young (29696K), 3 survivors (3072K)
 Metaspace       used 4007K, committed 4160K, reserved 393216K
  class space    used 492K, committed 576K, reserved 327680K
}
Event: 10.734 GC heap after
{Heap after GC invocations=2 (full 0):
 garbage-first heap   total 262144K, used 11387K [0x00000000e0000000, 0x0000000100000000)
  region size 1024K, 1 young (1024K), 1 survivors (1024K)
 Metaspace       used 4007K, committed 4160K, reserved 393216K
  class space    used 492K, committed 576K, reserved 327680K
}

Dll operation events (15 events):
Event: 0.028 Loaded shared library C:\Users\jose.caneto11\.jdks\corretto-17.0.10\bin\java.dll
Event: 0.318 Loaded shared library C:\Users\jose.caneto11\.jdks\corretto-17.0.10\bin\jsvml.dll
Event: 0.707 Loaded shared library C:\Users\jose.caneto11\.jdks\corretto-17.0.10\bin\zip.dll
Event: 0.711 Loaded shared library C:\Users\jose.caneto11\.jdks\corretto-17.0.10\bin\instrument.dll
Event: 0.720 Loaded shared library C:\Users\jose.caneto11\.jdks\corretto-17.0.10\bin\net.dll
Event: 0.725 Loaded shared library C:\Users\jose.caneto11\.jdks\corretto-17.0.10\bin\nio.dll
Event: 0.729 Loaded shared library C:\Users\jose.caneto11\.jdks\corretto-17.0.10\bin\zip.dll
Event: 1.550 Loaded shared library C:\Users\jose.caneto11\.jdks\corretto-17.0.10\bin\jimage.dll
Event: 2.096 Loaded shared library C:\Users\jose.caneto11\.jdks\corretto-17.0.10\bin\verify.dll
Event: 6.794 Loaded shared library C:\Users\jose.caneto11\.gradle\native\c067742578af261105cb4f569cf0c3c89f3d7b1fecec35dd04571415982c5e48\windows-amd64\native-platform.dll
Event: 6.800 Loaded shared library C:\Users\jose.caneto11\.gradle\native\38dada09dfb8b06ba9b0570ebf7e218e3eb74d4ef43ca46872605cf95ebc2f47\windows-amd64\native-platform-file-events.dll
Event: 16.389 Loaded shared library C:\Users\jose.caneto11\.jdks\corretto-17.0.10\bin\management.dll
Event: 16.392 Loaded shared library C:\Users\jose.caneto11\.jdks\corretto-17.0.10\bin\management_ext.dll
Event: 18.516 Loaded shared library C:\Users\jose.caneto11\.jdks\corretto-17.0.10\bin\extnet.dll
Event: 26.008 Loaded shared library C:\Users\jose.caneto11\.jdks\corretto-17.0.10\bin\sunmscapi.dll

Deoptimization events (20 events):
Event: 26.250 Thread 0x000002065cb327d0 Uncommon trap: trap_request=0xffffff45 fr.pc=0x0000020650c7c794 relative=0x0000000000000434
Event: 26.250 Thread 0x000002065cb327d0 Uncommon trap: reason=unstable_if action=reinterpret pc=0x0000020650c7c794 method=java.util.regex.Matcher.match(II)Z @ 76 c2
Event: 26.250 Thread 0x000002065cb327d0 DEOPT PACKING pc=0x0000020650c7c794 sp=0x000000f72fdfdb50
Event: 26.250 Thread 0x000002065cb327d0 DEOPT UNPACKING pc=0x00000206507169a3 sp=0x000000f72fdfdb20 mode 2
Event: 26.438 Thread 0x000002065cb31390 Uncommon trap: trap_request=0xffffffc6 fr.pc=0x0000020650d6ae30 relative=0x0000000000000990
Event: 26.438 Thread 0x000002065cb31390 Uncommon trap: reason=bimorphic_or_optimized_type_check action=maybe_recompile pc=0x0000020650d6ae30 method=java.util.HashMap.putVal(ILjava/lang/Object;Ljava/lang/Object;ZZ)Ljava/lang/Object; @ 253 c2
Event: 26.438 Thread 0x000002065cb31390 DEOPT PACKING pc=0x0000020650d6ae30 sp=0x000000f72fffee50
Event: 26.438 Thread 0x000002065cb31390 DEOPT UNPACKING pc=0x00000206507169a3 sp=0x000000f72fffedf0 mode 2
Event: 26.438 Thread 0x000002065cb31390 Uncommon trap: trap_request=0xffffffc6 fr.pc=0x0000020650d6ae30 relative=0x0000000000000990
Event: 26.438 Thread 0x000002065cb31390 Uncommon trap: reason=bimorphic_or_optimized_type_check action=maybe_recompile pc=0x0000020650d6ae30 method=java.util.HashMap.putVal(ILjava/lang/Object;Ljava/lang/Object;ZZ)Ljava/lang/Object; @ 253 c2
Event: 26.438 Thread 0x000002065cb31390 DEOPT PACKING pc=0x0000020650d6ae30 sp=0x000000f72fffef40
Event: 26.438 Thread 0x000002065cb31390 DEOPT UNPACKING pc=0x00000206507169a3 sp=0x000000f72fffeee0 mode 2
Event: 26.877 Thread 0x000002065cb31390 Uncommon trap: trap_request=0xffffff45 fr.pc=0x0000020650c9d9fc relative=0x000000000000043c
Event: 26.877 Thread 0x000002065cb31390 Uncommon trap: reason=unstable_if action=reinterpret pc=0x0000020650c9d9fc method=java.util.HashMap.getNode(Ljava/lang/Object;)Ljava/util/HashMap$Node; @ 66 c2
Event: 26.877 Thread 0x000002065cb31390 DEOPT PACKING pc=0x0000020650c9d9fc sp=0x000000f72fffc540
Event: 26.877 Thread 0x000002065cb31390 DEOPT UNPACKING pc=0x00000206507169a3 sp=0x000000f72fffc4c0 mode 2
Event: 26.897 Thread 0x000002065cb31390 Uncommon trap: trap_request=0xffffff45 fr.pc=0x0000020650d2d674 relative=0x0000000000000254
Event: 26.897 Thread 0x000002065cb31390 Uncommon trap: reason=unstable_if action=reinterpret pc=0x0000020650d2d674 method=java.util.concurrent.ConcurrentHashMap.get(Ljava/lang/Object;)Ljava/lang/Object; @ 76 c2
Event: 26.897 Thread 0x000002065cb31390 DEOPT PACKING pc=0x0000020650d2d674 sp=0x000000f72fffba80
Event: 26.898 Thread 0x000002065cb31390 DEOPT UNPACKING pc=0x00000206507169a3 sp=0x000000f72fffb9f8 mode 2

Classes unloaded (0 events):
No events

Classes redefined (0 events):
No events

Internal exceptions (20 events):
Event: 8.580 Thread 0x0000020641676f20 Exception <a 'java/lang/NoSuchMethodError'{0x00000000efbdf910}: 'void java.lang.invoke.DirectMethodHandle$Holder.invokeInterface(java.lang.Object, java.lang.Object, java.lang.Object)'> (0x00000000efbdf910) 
thrown [s\src\hotspot\share\interpreter\linkResolver.cpp, line 759]
Event: 13.297 Thread 0x0000020641676f20 Exception <a 'java/lang/NoSuchMethodError'{0x00000000ef0d25d0}: 'java.lang.Object java.lang.invoke.DirectMethodHandle$Holder.newInvokeSpecial(java.lang.Object, java.lang.Object, java.lang.Object, java.lang.Object, java.lang.Object)'> (0x00000000ef0d25d0) 
thrown [s\src\hotspot\share\interpreter\linkResolver.cpp, line 759]
Event: 13.382 Thread 0x0000020641676f20 Exception <a 'java/lang/NoSuchMethodError'{0x00000000ef0d75b8}: 'java.lang.Object java.lang.invoke.DirectMethodHandle$Holder.invokeStaticInit(java.lang.Object)'> (0x00000000ef0d75b8) 
thrown [s\src\hotspot\share\interpreter\linkResolver.cpp, line 759]
Event: 13.396 Thread 0x0000020641676f20 Exception <a 'java/lang/NoSuchMethodError'{0x00000000eef3a8c8}: 'void java.lang.invoke.DirectMethodHandle$Holder.invokeSpecial(java.lang.Object, java.lang.Object, java.lang.Object)'> (0x00000000eef3a8c8) 
thrown [s\src\hotspot\share\interpreter\linkResolver.cpp, line 759]
Event: 16.637 Thread 0x0000020641676f20 Exception <a 'java/lang/NoSuchMethodError'{0x00000000ee5a14c0}: 'java.lang.Object java.lang.invoke.DirectMethodHandle$Holder.invokeInterface(java.lang.Object, java.lang.Object)'> (0x00000000ee5a14c0) 
thrown [s\src\hotspot\share\interpreter\linkResolver.cpp, line 759]
Event: 18.222 Thread 0x0000020641676f20 Exception <a 'java/lang/NoSuchMethodError'{0x00000000edeee250}: 'java.lang.Object java.lang.invoke.DirectMethodHandle$Holder.invokeStaticInit(java.lang.Object, int, int, int, int)'> (0x00000000edeee250) 
thrown [s\src\hotspot\share\interpreter\linkResolver.cpp, line 759]
Event: 18.503 Thread 0x0000020641676f20 Exception <a 'java/lang/NoSuchMethodError'{0x00000000edd91ee8}: 'java.lang.Object java.lang.invoke.DirectMethodHandle$Holder.invokeStaticInit(java.lang.Object, java.lang.Object, int, int, int, int)'> (0x00000000edd91ee8) 
thrown [s\src\hotspot\share\interpreter\linkResolver.cpp, line 759]
Event: 24.313 Thread 0x0000020641676f20 Exception <a 'java/lang/NoSuchMethodError'{0x00000000edbc2358}: 'void java.lang.invoke.DirectMethodHandle$Holder.invokeStatic(java.lang.Object, java.lang.Object, java.lang.Object)'> (0x00000000edbc2358) 
thrown [s\src\hotspot\share\interpreter\linkResolver.cpp, line 759]
Event: 24.546 Thread 0x0000020641676f20 Exception <a 'java/io/IOException'{0x00000000eda95800}> (0x00000000eda95800) 
thrown [s\src\hotspot\share\prims\jni.cpp, line 516]
Event: 26.513 Thread 0x000002065cb31390 Exception <a 'java/lang/NoSuchMethodError'{0x00000000ed395440}: 'long java.lang.invoke.DirectMethodHandle$Holder.invokeInterface(java.lang.Object, java.lang.Object)'> (0x00000000ed395440) 
thrown [s\src\hotspot\share\interpreter\linkResolver.cpp, line 759]
Event: 26.520 Thread 0x000002065cb31390 Exception <a 'java/lang/NoSuchMethodError'{0x00000000ed3cd198}: 'java.lang.Object java.lang.invoke.DirectMethodHandle$Holder.invokeVirtual(java.lang.Object, java.lang.Object, java.lang.Object)'> (0x00000000ed3cd198) 
thrown [s\src\hotspot\share\interpreter\linkResolver.cpp, line 759]
Event: 26.670 Thread 0x000002065cb31390 Exception <a 'java/lang/NoSuchMethodError'{0x00000000ecf7fcc0}: 'void java.lang.invoke.DirectMethodHandle$Holder.invokeStatic(java.lang.Object, java.lang.Object)'> (0x00000000ecf7fcc0) 
thrown [s\src\hotspot\share\interpreter\linkResolver.cpp, line 759]
Event: 26.993 Thread 0x000002065cb31390 Exception <a 'java/lang/NoSuchMethodError'{0x00000000ecbee400}: 'java.lang.Object java.lang.invoke.DirectMethodHandle$Holder.newInvokeSpecial(java.lang.Object, java.lang.Object, java.lang.Object, java.lang.Object, java.lang.Object, java.lang.Object)'> (0x00000000ecbee400) 
thrown [s\src\hotspot\share\interpreter\linkResolver.cpp, line 759]
Event: 26.996 Thread 0x000002065cb31390 Exception <a 'java/lang/NoSuchMethodError'{0x00000000eca065f8}: 'void java.lang.invoke.DirectMethodHandle$Holder.invokeSpecial(java.lang.Object, java.lang.Object, java.lang.Object, java.lang.Object, java.lang.Object)'> (0x00000000eca065f8) 
thrown [s\src\hotspot\share\interpreter\linkResolver.cpp, line 759]
Event: 26.998 Thread 0x000002065cb31390 Exception <a 'java/lang/NoSuchMethodError'{0x00000000eca1a498}: 'void java.lang.invoke.DirectMethodHandle$Holder.invokeStaticInit(java.lang.Object, java.lang.Object)'> (0x00000000eca1a498) 
thrown [s\src\hotspot\share\interpreter\linkResolver.cpp, line 759]
Event: 27.080 Thread 0x000002065cb31390 Exception <a 'java/lang/NoSuchMethodError'{0x00000000ec9243e0}: 'java.lang.Object java.lang.invoke.DirectMethodHandle$Holder.newInvokeSpecial(java.lang.Object, java.lang.Object, java.lang.Object, int, java.lang.Object, java.lang.Object)'> (0x00000000ec9243e0) 
thrown [s\src\hotspot\share\interpreter\linkResolver.cpp, line 759]
Event: 27.233 Thread 0x000002065cb31390 Exception <a 'java/lang/NoSuchMethodError'{0x00000000ec8e6198}: 'void java.lang.invoke.DelegatingMethodHandle$Holder.reinvoke_L(java.lang.Object, java.lang.Object, java.lang.Object, java.lang.Object, java.lang.Object, java.lang.Object, java.lang.Object, java.lang.Object, java.lang.Object, java.lang.Object)'> (0x00000000ec8e6198) 
thrown [s\src\hotspot\share\interpreter\linkResolver.cpp, line 759]
Event: 27.234 Thread 0x000002065cb31390 Exception <a 'java/lang/NoSuchMethodError'{0x00000000ec8ee608}: 'java.lang.Object java.lang.invoke.DirectMethodHandle$Holder.invokeSpecial(java.lang.Object, java.lang.Object, java.lang.Object, java.lang.Object, java.lang.Object, java.lang.Object, java.lang.Object, java.lang.Object, java.lang.Object, java.lang.Object)'> (0x00000000ec8ee608) 
thrown [s\src\hotspot\share\interpreter\linkResolver.cpp, line 759]
Event: 27.234 Thread 0x000002065cb31390 Exception <a 'java/lang/NoSuchMethodError'{0x00000000ec8f2ed8}: 'java.lang.Object java.lang.invoke.Invokers$Holder.invoker(java.lang.Object, java.lang.Object, java.lang.Object, java.lang.Object, java.lang.Object, java.lang.Object, java.lang.Object, java.lang.Object, java.lang.Object, java.lang.Object)'> (0x00000000ec8f2ed8) 
thrown [s\src\hotspot\share\interpreter\linkResolver.cpp, line 759]
Event: 27.235 Thread 0x000002065cb31390 Exception <a 'java/lang/NoSuchMethodError'{0x00000000ec8f8a60}: 'java.lang.Object java.lang.invoke.DirectMethodHandle$Holder.invokeSpecial(java.lang.Object, java.lang.Object, java.lang.Object, java.lang.Object, java.lang.Object, java.lang.Object, java.lang.Object, java.lang.Object, java.lang.Object, java.lang.Object, java.lang.Object)'> (0x00000000ec8f8a60) 
thrown [s\src\hotspot\share\interpreter\linkResolver.cpp, line 759]

VM Operations (20 events):
Event: 18.496 Executing VM operation: HandshakeAllThreads done
Event: 19.500 Executing VM operation: Cleanup
Event: 19.500 Executing VM operation: Cleanup done
Event: 20.507 Executing VM operation: Cleanup
Event: 20.507 Executing VM operation: Cleanup done
Event: 21.522 Executing VM operation: Cleanup
Event: 21.522 Executing VM operation: Cleanup done
Event: 23.532 Executing VM operation: Cleanup
Event: 23.532 Executing VM operation: Cleanup done
Event: 24.261 Executing VM operation: HandshakeAllThreads
Event: 24.261 Executing VM operation: HandshakeAllThreads done
Event: 25.273 Executing VM operation: Cleanup
Event: 25.273 Executing VM operation: Cleanup done
Event: 25.883 Executing VM operation: HandshakeAllThreads
Event: 25.883 Executing VM operation: HandshakeAllThreads done
Event: 26.890 Executing VM operation: Cleanup
Event: 26.892 Executing VM operation: Cleanup done
Event: 27.900 Executing VM operation: Cleanup
Event: 27.900 Executing VM operation: Cleanup done
Event: 28.904 Executing VM operation: Cleanup

Events (20 events):
Event: 27.015 loading class java/util/ConcurrentModificationException
Event: 27.015 loading class java/util/ConcurrentModificationException done
Event: 27.109 loading class sun/reflect/generics/scope/ConstructorScope
Event: 27.109 loading class sun/reflect/generics/scope/ConstructorScope done
Event: 27.109 loading class sun/reflect/generics/tree/VoidDescriptor
Event: 27.110 loading class sun/reflect/generics/tree/VoidDescriptor done
Event: 27.254 loading class java/io/UncheckedIOException
Event: 27.254 loading class java/io/UncheckedIOException done
Event: 28.677 loading class java/nio/file/attribute/PosixFilePermission
Event: 28.677 loading class java/nio/file/attribute/PosixFilePermission done
Event: 28.677 loading class java/nio/file/NoSuchFileException
Event: 28.677 loading class java/nio/file/FileSystemException
Event: 28.677 loading class java/nio/file/FileSystemException done
Event: 28.677 loading class java/nio/file/NoSuchFileException done
Event: 28.678 loading class java/nio/file/attribute/PosixFilePermissions
Event: 28.678 loading class java/nio/file/attribute/PosixFilePermissions done
Event: 28.678 loading class java/nio/file/attribute/PosixFilePermissions$1
Event: 28.678 loading class java/nio/file/attribute/PosixFilePermissions$1 done
Event: 28.680 loading class sun/invoke/util/VerifyAccess$1
Event: 28.680 loading class sun/invoke/util/VerifyAccess$1 done


Dynamic libraries:
0x00007ff7df780000 - 0x00007ff7df78e000 	C:\Users\jose.caneto11\.jdks\corretto-17.0.10\bin\java.exe
0x00007ffd24410000 - 0x00007ffd24608000 	C:\Windows\SYSTEM32\ntdll.dll
0x00007ffd23420000 - 0x00007ffd234dd000 	C:\Windows\System32\KERNEL32.DLL
0x00007ffd21c70000 - 0x00007ffd21f66000 	C:\Windows\System32\KERNELBASE.dll
0x0000000074b20000 - 0x0000000074bbe000 	C:\ProgramData\Symantec\Symantec Endpoint Protection\14.3.10148.8000.105\Data\Sysfer\x64\sysfer.dll
0x00007ffd22090000 - 0x00007ffd22190000 	C:\Windows\System32\ucrtbase.dll
0x00007ffd1b8f0000 - 0x00007ffd1b907000 	C:\Users\jose.caneto11\.jdks\corretto-17.0.10\bin\jli.dll
0x00007ffd24230000 - 0x00007ffd243ce000 	C:\Windows\System32\USER32.dll
0x00007ffd21b50000 - 0x00007ffd21b72000 	C:\Windows\System32\win32u.dll
0x00007ffd23950000 - 0x00007ffd2397c000 	C:\Windows\System32\GDI32.dll
0x00007ffd21f70000 - 0x00007ffd2208a000 	C:\Windows\System32\gdi32full.dll
0x00007ffd0ffe0000 - 0x00007ffd0fffb000 	C:\Users\jose.caneto11\.jdks\corretto-17.0.10\bin\VCRUNTIME140.dll
0x00007ffd21bd0000 - 0x00007ffd21c6d000 	C:\Windows\System32\msvcp_win.dll
0x00007ffd17740000 - 0x00007ffd179da000 	C:\Windows\WinSxS\amd64_microsoft.windows.common-controls_6595b64144ccf1df_6.0.19041.3636_none_60b6a03d71f818d5\COMCTL32.dll
0x00007ffd23d10000 - 0x00007ffd23dae000 	C:\Windows\System32\msvcrt.dll
0x00007ffd23ce0000 - 0x00007ffd23d10000 	C:\Windows\System32\IMM32.DLL
0x00007ffd1eff0000 - 0x00007ffd1effc000 	C:\Users\jose.caneto11\.jdks\corretto-17.0.10\bin\vcruntime140_1.dll
0x00007ffcff950000 - 0x00007ffcff9dd000 	C:\Users\jose.caneto11\.jdks\corretto-17.0.10\bin\msvcp140.dll
0x00007ffc98890000 - 0x00007ffc994f2000 	C:\Users\jose.caneto11\.jdks\corretto-17.0.10\bin\server\jvm.dll
0x00007ffd23050000 - 0x00007ffd23103000 	C:\Windows\System32\ADVAPI32.dll
0x00007ffd22510000 - 0x00007ffd225af000 	C:\Windows\System32\sechost.dll
0x00007ffd23240000 - 0x00007ffd23366000 	C:\Windows\System32\RPCRT4.dll
0x00007ffd22190000 - 0x00007ffd221b7000 	C:\Windows\System32\bcrypt.dll
0x00007ffd21820000 - 0x00007ffd2186b000 	C:\Windows\SYSTEM32\POWRPROF.dll
0x00007ffd0dbf0000 - 0x00007ffd0dbf9000 	C:\Windows\SYSTEM32\WSOCK32.dll
0x00007ffd23fa0000 - 0x00007ffd2400b000 	C:\Windows\System32\WS2_32.dll
0x00007ffd185d0000 - 0x00007ffd185f7000 	C:\Windows\SYSTEM32\WINMM.dll
0x00007ffd1ae50000 - 0x00007ffd1ae5a000 	C:\Windows\SYSTEM32\VERSION.dll
0x00007ffd21650000 - 0x00007ffd21662000 	C:\Windows\SYSTEM32\UMPDC.dll
0x00007ffd1f6c0000 - 0x00007ffd1f6d2000 	C:\Windows\SYSTEM32\kernel.appcore.dll
0x00007ffd1a590000 - 0x00007ffd1a59a000 	C:\Users\jose.caneto11\.jdks\corretto-17.0.10\bin\jimage.dll
0x00007ffd11250000 - 0x00007ffd11434000 	C:\Windows\SYSTEM32\DBGHELP.DLL
0x00007ffd10d60000 - 0x00007ffd10d94000 	C:\Windows\SYSTEM32\dbgcore.DLL
0x00007ffd22320000 - 0x00007ffd223a2000 	C:\Windows\System32\bcryptPrimitives.dll
0x00007ffd16f80000 - 0x00007ffd16f8e000 	C:\Users\jose.caneto11\.jdks\corretto-17.0.10\bin\instrument.dll
0x00007ffd0d870000 - 0x00007ffd0d895000 	C:\Users\jose.caneto11\.jdks\corretto-17.0.10\bin\java.dll
0x00007ffcff0d0000 - 0x00007ffcff1a7000 	C:\Users\jose.caneto11\.jdks\corretto-17.0.10\bin\jsvml.dll
0x00007ffd22690000 - 0x00007ffd22dd5000 	C:\Windows\System32\SHELL32.dll
0x00007ffd1f8c0000 - 0x00007ffd2005b000 	C:\Windows\SYSTEM32\windows.storage.dll
0x00007ffd23980000 - 0x00007ffd23cd4000 	C:\Windows\System32\combase.dll
0x00007ffd214a0000 - 0x00007ffd214cd000 	C:\Windows\SYSTEM32\Wldp.dll
0x00007ffd22460000 - 0x00007ffd2250d000 	C:\Windows\System32\SHCORE.dll
0x00007ffd22e60000 - 0x00007ffd22eb5000 	C:\Windows\System32\shlwapi.dll
0x00007ffd21a10000 - 0x00007ffd21a35000 	C:\Windows\SYSTEM32\profapi.dll
0x00007ffd0e8c0000 - 0x00007ffd0e8d8000 	C:\Users\jose.caneto11\.jdks\corretto-17.0.10\bin\zip.dll
0x00007ffd07590000 - 0x00007ffd075a9000 	C:\Users\jose.caneto11\.jdks\corretto-17.0.10\bin\net.dll
0x00007ffd20a50000 - 0x00007ffd20b5a000 	C:\Windows\SYSTEM32\WINHTTP.dll
0x00007ffd211a0000 - 0x00007ffd2120a000 	C:\Windows\system32\mswsock.dll
0x00007ffd070c0000 - 0x00007ffd070d6000 	C:\Users\jose.caneto11\.jdks\corretto-17.0.10\bin\nio.dll
0x00007ffd16790000 - 0x00007ffd167a0000 	C:\Users\jose.caneto11\.jdks\corretto-17.0.10\bin\verify.dll
0x00007ffd0d8a0000 - 0x00007ffd0d8c7000 	C:\Users\jose.caneto11\.gradle\native\c067742578af261105cb4f569cf0c3c89f3d7b1fecec35dd04571415982c5e48\windows-amd64\native-platform.dll
0x00007ffcf3700000 - 0x00007ffcf3844000 	C:\Users\jose.caneto11\.gradle\native\38dada09dfb8b06ba9b0570ebf7e218e3eb74d4ef43ca46872605cf95ebc2f47\windows-amd64\native-platform-file-events.dll
0x00007ffd0ff90000 - 0x00007ffd0ff99000 	C:\Users\jose.caneto11\.jdks\corretto-17.0.10\bin\management.dll
0x00007ffd070b0000 - 0x00007ffd070bb000 	C:\Users\jose.caneto11\.jdks\corretto-17.0.10\bin\management_ext.dll
0x00007ffd24010000 - 0x00007ffd24018000 	C:\Windows\System32\PSAPI.DLL
0x00007ffd213f0000 - 0x00007ffd21408000 	C:\Windows\SYSTEM32\CRYPTSP.dll
0x00007ffd209c0000 - 0x00007ffd209f4000 	C:\Windows\system32\rsaenh.dll
0x00007ffd21990000 - 0x00007ffd219be000 	C:\Windows\SYSTEM32\USERENV.dll
0x00007ffd21410000 - 0x00007ffd2141c000 	C:\Windows\SYSTEM32\CRYPTBASE.dll
0x00007ffd20e90000 - 0x00007ffd20ecb000 	C:\Windows\SYSTEM32\IPHLPAPI.DLL
0x00007ffd23410000 - 0x00007ffd23418000 	C:\Windows\System32\NSI.dll
0x00007ffd1bfd0000 - 0x00007ffd1bfe7000 	C:\Windows\SYSTEM32\dhcpcsvc6.DLL
0x00007ffd1be80000 - 0x00007ffd1be9d000 	C:\Windows\SYSTEM32\dhcpcsvc.DLL
0x00007ffd20ee0000 - 0x00007ffd20faa000 	C:\Windows\SYSTEM32\DNSAPI.dll
0x00007ffd062e0000 - 0x00007ffd062e9000 	C:\Users\jose.caneto11\.jdks\corretto-17.0.10\bin\extnet.dll
0x00007ffd04320000 - 0x00007ffd0432e000 	C:\Users\jose.caneto11\.jdks\corretto-17.0.10\bin\sunmscapi.dll
0x00007ffd221c0000 - 0x00007ffd2231d000 	C:\Windows\System32\CRYPT32.dll
0x00007ffd21510000 - 0x00007ffd21538000 	C:\Windows\SYSTEM32\ncrypt.dll
0x00007ffd214d0000 - 0x00007ffd2150b000 	C:\Windows\SYSTEM32\NTASN1.dll
0x00007ffd16f60000 - 0x00007ffd16f67000 	C:\Windows\system32\wshunix.dll

dbghelp: loaded successfully - version: 4.0.5 - missing functions: none
symbol engine: initialized successfully - sym options: 0x614 - pdb path: .;C:\Users\jose.caneto11\.jdks\corretto-17.0.10\bin;C:\Windows\SYSTEM32;C:\ProgramData\Symantec\Symantec Endpoint Protection\14.3.10148.8000.105\Data\Sysfer\x64;C:\Windows\WinSxS\amd64_microsoft.windows.common-controls_6595b64144ccf1df_6.0.19041.3636_none_60b6a03d71f818d5;C:\Users\jose.caneto11\.jdks\corretto-17.0.10\bin\server;C:\Users\jose.caneto11\.gradle\native\c067742578af261105cb4f569cf0c3c89f3d7b1fecec35dd04571415982c5e48\windows-amd64;C:\Users\jose.caneto11\.gradle\native\38dada09dfb8b06ba9b0570ebf7e218e3eb74d4ef43ca46872605cf95ebc2f47\windows-amd64

VM Arguments:
jvm_args: --add-opens=java.base/java.util=ALL-UNNAMED --add-opens=java.base/java.lang=ALL-UNNAMED --add-opens=java.base/java.lang.invoke=ALL-UNNAMED --add-opens=java.prefs/java.util.prefs=ALL-UNNAMED --add-opens=java.base/java.nio.charset=ALL-UNNAMED --add-opens=java.base/java.net=ALL-UNNAMED --add-opens=java.base/java.util.concurrent.atomic=ALL-UNNAMED -XX:MaxMetaspaceSize=384m -XX:+HeapDumpOnOutOfMemoryError -Xms256m -Xmx512m -Dfile.encoding=windows-1252 -Duser.country=BR -Duser.language=pt -Duser.variant -javaagent:C:\Users\jose.caneto11\.gradle\wrapper\dists\gradle-8.5-bin\5t9huq95ubn472n8rpzujfbqh\gradle-8.5\lib\agents\gradle-instrumentation-agent-8.5.jar 
java_command: org.gradle.launcher.daemon.bootstrap.GradleDaemon 8.5
java_class_path (initial): C:\Users\jose.caneto11\.gradle\wrapper\dists\gradle-8.5-bin\5t9huq95ubn472n8rpzujfbqh\gradle-8.5\lib\gradle-launcher-8.5.jar
Launcher Type: SUN_STANDARD

[Global flags]
     intx CICompilerCount                          = 4                                         {product} {ergonomic}
   size_t CompressedClassSpaceSize                 = 335544320                                 {product} {ergonomic}
     uint ConcGCThreads                            = 2                                         {product} {ergonomic}
     uint G1ConcRefinementThreads                  = 8                                         {product} {ergonomic}
   size_t G1HeapRegionSize                         = 1048576                                   {product} {ergonomic}
    uintx GCDrainStackTargetSize                   = 64                                        {product} {ergonomic}
     bool HeapDumpOnOutOfMemoryError               = true                                   {manageable} {command line}
   size_t InitialHeapSize                          = 268435456                                 {product} {command line}
   size_t MarkStackSize                            = 4194304                                   {product} {ergonomic}
   size_t MaxHeapSize                              = 536870912                                 {product} {command line}
   size_t MaxMetaspaceSize                         = 402653184                                 {product} {command line}
   size_t MaxNewSize                               = 321912832                                 {product} {ergonomic}
   size_t MinHeapDeltaBytes                        = 1048576                                   {product} {ergonomic}
   size_t MinHeapSize                              = 268435456                                 {product} {command line}
    uintx NonNMethodCodeHeapSize                   = 5839372                                {pd product} {ergonomic}
    uintx NonProfiledCodeHeapSize                  = 122909434                              {pd product} {ergonomic}
    uintx ProfiledCodeHeapSize                     = 122909434                              {pd product} {ergonomic}
    uintx ReservedCodeCacheSize                    = 251658240                              {pd product} {ergonomic}
     bool SegmentedCodeCache                       = true                                      {product} {ergonomic}
   size_t SoftMaxHeapSize                          = 536870912                              {manageable} {ergonomic}
     bool UseCompressedClassPointers               = true                           {product lp64_product} {ergonomic}
     bool UseCompressedOops                        = true                           {product lp64_product} {ergonomic}
     bool UseG1GC                                  = true                                      {product} {ergonomic}
     bool UseLargePagesIndividualAllocation        = false                                  {pd product} {ergonomic}

Logging:
Log output configuration:
 #0: stdout all=warning uptime,level,tags
 #1: stderr all=off uptime,level,tags

Environment Variables:
PATH=C:\Windows\system32;C:\Windows;C:\Windows\System32\Wbem;C:\Windows\System32\WindowsPowerShell\v1.0\;C:\Windows\System32\OpenSSH\;C:\Program Files\Git\cmd;C:\Program Files\nodejs\;C:\ProgramData\UNIVALI\Portugol Studio;C:\Users\jose.caneto11\AppData\Local\Microsoft\WindowsApps;;C:\Users\jose.caneto11\AppData\Local\Programs\Microsoft VS Code\bin
USERNAME=jose.caneto11
OS=Windows_NT
PROCESSOR_IDENTIFIER=Intel64 Family 6 Model 158 Stepping 9, GenuineIntel
TMP=C:\Users\JOSE~1.CAN\AppData\Local\Temp
TEMP=C:\Users\JOSE~1.CAN\AppData\Local\Temp



Periodic native trim disabled


---------------  S Y S T E M  ---------------

OS:
 Windows 10 , 64 bit Build 19041 (10.0.19041.3636)
OS uptime: 1 days 7:49 hours

CPU: total 8 (initial active 8) (4 cores per cpu, 2 threads per core) family 6 model 158 stepping 9 microcode 0xf4, cx8, cmov, fxsr, ht, mmx, 3dnowpref, sse, sse2, sse3, ssse3, sse4.1, sse4.2, popcnt, lzcnt, tsc, tscinvbit, avx, avx2, aes, erms, clmul, bmi1, bmi2, rtm, adx, fma, vzeroupper, clflush, clflushopt
Processor Information for all 8 processors :
  Max Mhz: 3600, Current Mhz: 3600, Mhz Limit: 3600

Memory: 4k page, system-wide physical 16247M (913M free)
TotalPageFile size 26843M (AvailPageFile size 66M)
current process WorkingSet (physical memory assigned to process): 163M, peak: 163M
current process commit charge ("private bytes"): 399M, peak: 400M

vm_info: OpenJDK 64-Bit Server VM (17.0.10+7-LTS) for windows-amd64 JRE (17.0.10+7-LTS), built on Jan 10 2024 22:11:07 by "Administrator" with MS VC++ 16.10 / 16.11 (VS2019)

END.
