#
# There is insufficient memory for the Java Runtime Environment to continue.
# Native memory allocation (malloc) failed to allocate 1898000 bytes for Chunk::new
# Possible reasons:
#   The system is out of physical RAM or swap space
#   The process is running with CompressedOops enabled, and the Java Heap may be blocking the growth of the native heap
# Possible solutions:
#   Reduce memory load on the system
#   Increase physical memory or swap space
#   Check if swap backing store is full
#   Decrease Java heap size (-Xmx/-Xms)
#   Decrease number of Java threads
#   Decrease Java thread stack sizes (-Xss)
#   Set larger code cache with -XX:ReservedCodeCacheSize=
#   JVM is running with Unscaled Compressed Oops mode in which the Java heap is
#     placed in the first 4GB address space. The Java Heap base address is the
#     maximum limit for the native heap growth. Please use -XX:HeapBaseMinAddress
#     to set the Java Heap base and to place the Java Heap above 4GB virtual address.
# This output file may be truncated or incomplete.
#
#  Out of Memory Error (arena.cpp:191), pid=3104, tid=25492
#
# JRE version: OpenJDK Runtime Environment Corretto-17.0.10.7.1 (17.0.10+7) (build 17.0.10+7-LTS)
# Java VM: OpenJDK 64-Bit Server VM Corretto-17.0.10.7.1 (17.0.10+7-LTS, mixed mode, sharing, tiered, compressed oops, compressed class ptrs, g1 gc, windows-amd64)
# No core dump will be written. Minidumps are not enabled by default on client versions of Windows
#

---------------  S U M M A R Y ------------

Command Line: --add-opens=java.base/java.util=ALL-UNNAMED --add-opens=java.base/java.lang=ALL-UNNAMED --add-opens=java.base/java.lang.invoke=ALL-UNNAMED --add-opens=java.prefs/java.util.prefs=ALL-UNNAMED --add-opens=java.base/java.nio.charset=ALL-UNNAMED --add-opens=java.base/java.net=ALL-UNNAMED --add-opens=java.base/java.util.concurrent.atomic=ALL-UNNAMED -XX:MaxMetaspaceSize=384m -XX:+HeapDumpOnOutOfMemoryError -Xms256m -Xmx512m -Dfile.encoding=windows-1252 -Duser.country=BR -Duser.language=pt -Duser.variant -javaagent:C:\Users\jose.caneto11\.gradle\wrapper\dists\gradle-8.5-bin\5t9huq95ubn472n8rpzujfbqh\gradle-8.5\lib\agents\gradle-instrumentation-agent-8.5.jar org.gradle.launcher.daemon.bootstrap.GradleDaemon 8.5

Host: Intel(R) Core(TM) i7-7700 CPU @ 3.60GHz, 8 cores, 15G,  Windows 10 , 64 bit Build 19041 (10.0.19041.3636)
Time: Tue Feb 27 22:07:52 2024 Hora oficial do Brasil elapsed time: 46.866240 seconds (0d 0h 0m 46s)

---------------  T H R E A D  ---------------

Current thread (0x000001fa4b059a00):  JavaThread "C2 CompilerThread1" daemon [_thread_in_native, id=25492, stack(0x0000003441c00000,0x0000003441d00000)]


Current CompileTask:
C2:  46866 2546       4       java.net.URLClassLoader$1::run (5 bytes)

Stack: [0x0000003441c00000,0x0000003441d00000]
Native frames: (J=compiled Java code, j=interpreted, Vv=VM code, C=native code)
V  [jvm.dll+0x67d2c9]
V  [jvm.dll+0x834b1a]
V  [jvm.dll+0x8365de]
V  [jvm.dll+0x836c43]
V  [jvm.dll+0x2477ff]
V  [jvm.dll+0xac514]
V  [jvm.dll+0xacb5c]
V  [jvm.dll+0x3667d7]
V  [jvm.dll+0x330bfa]
V  [jvm.dll+0x33009a]
V  [jvm.dll+0x219ef1]
V  [jvm.dll+0x219311]
V  [jvm.dll+0x1a502d]
V  [jvm.dll+0x2290de]
V  [jvm.dll+0x2272ac]
V  [jvm.dll+0x7e9bd7]
V  [jvm.dll+0x7e3fda]
V  [jvm.dll+0x67c1b5]
C  [ucrtbase.dll+0x21bb2]
C  [KERNEL32.DLL+0x17344]
C  [ntdll.dll+0x526b1]


---------------  P R O C E S S  ---------------

Threads class SMR info:
_java_thread_list=0x000001fa4a991050, length=27, elements={
0x000001fa1497c1b0, 0x000001fa2f4e1010, 0x000001fa2f4e1e90, 0x000001fa2f4f9060,
0x000001fa2f4f9b30, 0x000001fa2f4fca00, 0x000001fa2f4fd3c0, 0x000001fa2f4fe160,
0x000001fa2f68a9f0, 0x000001fa2f68ef30, 0x000001fa2f4c65d0, 0x000001fa2f7ac6b0,
0x000001fa4a72db70, 0x000001fa2f687140, 0x000001fa49d0b200, 0x000001fa4a136360,
0x000001fa2f7f3030, 0x000001fa4a153dd0, 0x000001fa4a1547f0, 0x000001fa4a156650,
0x000001fa4a1542e0, 0x000001fa4a152ea0, 0x000001fa4a155c30, 0x000001fa4a154d00,
0x000001fa4a155210, 0x000001fa4a156140, 0x000001fa4b059a00
}

Java Threads: ( => current thread )
  0x000001fa1497c1b0 JavaThread "main" [_thread_blocked, id=10492, stack(0x000000343f900000,0x000000343fa00000)]
  0x000001fa2f4e1010 JavaThread "Reference Handler" daemon [_thread_blocked, id=10840, stack(0x0000003440000000,0x0000003440100000)]
  0x000001fa2f4e1e90 JavaThread "Finalizer" daemon [_thread_blocked, id=7616, stack(0x0000003440100000,0x0000003440200000)]
  0x000001fa2f4f9060 JavaThread "Signal Dispatcher" daemon [_thread_blocked, id=2628, stack(0x0000003440200000,0x0000003440300000)]
  0x000001fa2f4f9b30 JavaThread "Attach Listener" daemon [_thread_blocked, id=13384, stack(0x0000003440300000,0x0000003440400000)]
  0x000001fa2f4fca00 JavaThread "Service Thread" daemon [_thread_blocked, id=9016, stack(0x0000003440400000,0x0000003440500000)]
  0x000001fa2f4fd3c0 JavaThread "Monitor Deflation Thread" daemon [_thread_blocked, id=15964, stack(0x0000003440500000,0x0000003440600000)]
  0x000001fa2f4fe160 JavaThread "C2 CompilerThread0" daemon [_thread_in_native, id=14756, stack(0x0000003440600000,0x0000003440700000)]
  0x000001fa2f68a9f0 JavaThread "C1 CompilerThread0" daemon [_thread_blocked, id=1064, stack(0x0000003440700000,0x0000003440800000)]
  0x000001fa2f68ef30 JavaThread "Sweeper thread" daemon [_thread_blocked, id=18544, stack(0x0000003440800000,0x0000003440900000)]
  0x000001fa2f4c65d0 JavaThread "Common-Cleaner" daemon [_thread_blocked, id=20488, stack(0x0000003440900000,0x0000003440a00000)]
  0x000001fa2f7ac6b0 JavaThread "Notification Thread" daemon [_thread_blocked, id=20532, stack(0x0000003440a00000,0x0000003440b00000)]
  0x000001fa4a72db70 JavaThread "Daemon health stats" [_thread_blocked, id=1660, stack(0x0000003441100000,0x0000003441200000)]
  0x000001fa2f687140 JavaThread "Incoming local TCP Connector on port 55429" [_thread_in_native, id=5144, stack(0x0000003441200000,0x0000003441300000)]
  0x000001fa49d0b200 JavaThread "Daemon periodic checks" [_thread_blocked, id=14796, stack(0x0000003441300000,0x0000003441400000)]
  0x000001fa4a136360 JavaThread "Daemon" [_thread_blocked, id=5232, stack(0x000000343f700000,0x000000343f800000)]
  0x000001fa2f7f3030 JavaThread "Handler for socket connection from /127.0.0.1:55429 to /127.0.0.1:55442" [_thread_in_native, id=22740, stack(0x000000343f800000,0x000000343f900000)]
  0x000001fa4a153dd0 JavaThread "Cancel handler" [_thread_blocked, id=22512, stack(0x0000003441400000,0x0000003441500000)]
  0x000001fa4a1547f0 JavaThread "Daemon worker" [_thread_in_native_trans, id=4188, stack(0x0000003441500000,0x0000003441600000)]
  0x000001fa4a156650 JavaThread "Asynchronous log dispatcher for DefaultDaemonConnection: socket connection from /127.0.0.1:55429 to /127.0.0.1:55442" [_thread_blocked, id=9052, stack(0x0000003441600000,0x0000003441700000)]
  0x000001fa4a1542e0 JavaThread "Stdin handler" [_thread_blocked, id=23276, stack(0x0000003441700000,0x0000003441800000)]
  0x000001fa4a152ea0 JavaThread "Daemon client event forwarder" [_thread_blocked, id=23176, stack(0x0000003441800000,0x0000003441900000)]
  0x000001fa4a155c30 JavaThread "Cache worker for journal cache (C:\Users\jose.caneto11\.gradle\caches\journal-1)" [_thread_blocked, id=24080, stack(0x0000003441900000,0x0000003441a00000)]
  0x000001fa4a154d00 JavaThread "File lock request listener" [_thread_in_native, id=24100, stack(0x0000003441a00000,0x0000003441b00000)]
  0x000001fa4a155210 JavaThread "File lock release action executor" [_thread_blocked, id=24236, stack(0x0000003441b00000,0x0000003441c00000)]
  0x000001fa4a156140 JavaThread "Cache worker for file hash cache (C:\Users\jose.caneto11\.gradle\caches\8.5\fileHashes)" [_thread_blocked, id=22704, stack(0x0000003441d00000,0x0000003441e00000)]
=>0x000001fa4b059a00 JavaThread "C2 CompilerThread1" daemon [_thread_in_native, id=25492, stack(0x0000003441c00000,0x0000003441d00000)]

Other Threads:
  0x000001fa2f4dbbd0 VMThread "VM Thread" [stack: 0x000000343ff00000,0x0000003440000000] [id=7896]
  0x000001fa2f7867a0 WatcherThread [stack: 0x0000003440b00000,0x0000003440c00000] [id=20536]
  0x000001fa149a9a70 GCTaskThread "GC Thread#0" [stack: 0x000000343fa00000,0x000000343fb00000] [id=17720]
  0x000001fa49342ca0 GCTaskThread "GC Thread#1" [stack: 0x0000003440c00000,0x0000003440d00000] [id=21836]
  0x000001fa491d3780 GCTaskThread "GC Thread#2" [stack: 0x0000003440d00000,0x0000003440e00000] [id=21840]
  0x000001fa49034f20 GCTaskThread "GC Thread#3" [stack: 0x0000003440e00000,0x0000003440f00000] [id=21844]
  0x000001fa2fa5c160 GCTaskThread "GC Thread#4" [stack: 0x0000003440f00000,0x0000003441000000] [id=21848]
  0x000001fa49800480 GCTaskThread "GC Thread#5" [stack: 0x0000003441000000,0x0000003441100000] [id=21852]
  0x000001fa127dea70 ConcurrentGCThread "G1 Main Marker" [stack: 0x000000343fb00000,0x000000343fc00000] [id=14412]
  0x000001fa149ab480 ConcurrentGCThread "G1 Conc#0" [stack: 0x000000343fc00000,0x000000343fd00000] [id=19080]
  0x000001fa14a2eb00 ConcurrentGCThread "G1 Refine#0" [stack: 0x000000343fd00000,0x000000343fe00000] [id=14256]
  0x000001fa2f39a760 ConcurrentGCThread "G1 Service" [stack: 0x000000343fe00000,0x000000343ff00000] [id=3628]

Threads with active compile tasks:
C2 CompilerThread0    46922 2547   !   4       java.net.URLClassLoader$1::run (81 bytes)
C2 CompilerThread1    46922 2546       4       java.net.URLClassLoader$1::run (5 bytes)

VM state: not at safepoint (normal execution)

VM Mutex/Monitor currently owned by a thread:  ([mutex/lock_event])
[0x000001fa149776b0] SystemDictionary_lock - owner thread: 0x0000000000000000

Heap address: 0x00000000e0000000, size: 512 MB, Compressed Oops mode: 32-bit

CDS archive(s) mapped at: [0x000001fa30000000-0x000001fa30bb0000-0x000001fa30bb0000), size 12255232, SharedBaseAddress: 0x000001fa30000000, ArchiveRelocationMode: 1.
Compressed class space mapped at: 0x000001fa31000000-0x000001fa45000000, reserved size: 335544320
Narrow klass base: 0x000001fa30000000, Narrow klass shift: 0, Narrow klass range: 0x100000000

GC Precious Log:
 CPUs: 8 total, 8 available
 Memory: 16247M
 Large Page Support: Disabled
 NUMA Support: Disabled
 Compressed Oops: Enabled (32-bit)
 Heap Region Size: 1M
 Heap Min Capacity: 256M
 Heap Initial Capacity: 256M
 Heap Max Capacity: 512M
 Pre-touch: Disabled
 Parallel Workers: 8
 Concurrent Workers: 2
 Concurrent Refinement Workers: 8
 Periodic GC: Disabled

Heap:
 garbage-first heap   total 262144K, used 115807K [0x00000000e0000000, 0x0000000100000000)
  region size 1024K, 104 young (106496K), 1 survivors (1024K)
 Metaspace       used 19183K, committed 19456K, reserved 393216K
  class space    used 2808K, committed 2944K, reserved 327680K

Heap Regions: E=young(eden), S=young(survivor), O=old, HS=humongous(starts), HC=humongous(continues), CS=collection set, F=free, OA=open archive, CA=closed archive, TAMS=top-at-mark-start (previous, next)
|   0|0x00000000e0000000, 0x00000000e0100000, 0x00000000e0100000|100%|HS|  |TAMS 0x00000000e0000000, 0x00000000e0000000| Complete 
|   1|0x00000000e0100000, 0x00000000e0200000, 0x00000000e0200000|100%|HC|  |TAMS 0x00000000e0100000, 0x00000000e0100000| Complete 
|   2|0x00000000e0200000, 0x00000000e0300000, 0x00000000e0300000|100%|HC|  |TAMS 0x00000000e0200000, 0x00000000e0200000| Complete 
|   3|0x00000000e0300000, 0x00000000e0400000, 0x00000000e0400000|100%|HC|  |TAMS 0x00000000e0300000, 0x00000000e0300000| Complete 
|   4|0x00000000e0400000, 0x00000000e0500000, 0x00000000e0500000|100%| O|  |TAMS 0x00000000e0400000, 0x00000000e0400000| Untracked 
|   5|0x00000000e0500000, 0x00000000e0600000, 0x00000000e0600000|100%| O|  |TAMS 0x00000000e0500000, 0x00000000e0500000| Untracked 
|   6|0x00000000e0600000, 0x00000000e0700000, 0x00000000e0700000|100%| O|  |TAMS 0x00000000e0600000, 0x00000000e0600000| Untracked 
|   7|0x00000000e0700000, 0x00000000e0800000, 0x00000000e0800000|100%| O|  |TAMS 0x00000000e0700000, 0x00000000e0700000| Untracked 
|   8|0x00000000e0800000, 0x00000000e0900000, 0x00000000e0900000|100%| O|  |TAMS 0x00000000e0800000, 0x00000000e0800000| Untracked 
|   9|0x00000000e0900000, 0x00000000e0a00000, 0x00000000e0a00000|100%| O|  |TAMS 0x00000000e0900000, 0x00000000e0900000| Untracked 
|  10|0x00000000e0a00000, 0x00000000e0a47000, 0x00000000e0b00000| 27%| O|  |TAMS 0x00000000e0a00000, 0x00000000e0a00000| Untracked 
|  11|0x00000000e0b00000, 0x00000000e0c00000, 0x00000000e0c00000|100%|HS|  |TAMS 0x00000000e0b00000, 0x00000000e0b00000| Complete 
|  12|0x00000000e0c00000, 0x00000000e0c00000, 0x00000000e0d00000|  0%| F|  |TAMS 0x00000000e0c00000, 0x00000000e0c00000| Untracked 
|  13|0x00000000e0d00000, 0x00000000e0d00000, 0x00000000e0e00000|  0%| F|  |TAMS 0x00000000e0d00000, 0x00000000e0d00000| Untracked 
|  14|0x00000000e0e00000, 0x00000000e0e00000, 0x00000000e0f00000|  0%| F|  |TAMS 0x00000000e0e00000, 0x00000000e0e00000| Untracked 
|  15|0x00000000e0f00000, 0x00000000e0f00000, 0x00000000e1000000|  0%| F|  |TAMS 0x00000000e0f00000, 0x00000000e0f00000| Untracked 
|  16|0x00000000e1000000, 0x00000000e1000000, 0x00000000e1100000|  0%| F|  |TAMS 0x00000000e1000000, 0x00000000e1000000| Untracked 
|  17|0x00000000e1100000, 0x00000000e1100000, 0x00000000e1200000|  0%| F|  |TAMS 0x00000000e1100000, 0x00000000e1100000| Untracked 
|  18|0x00000000e1200000, 0x00000000e1200000, 0x00000000e1300000|  0%| F|  |TAMS 0x00000000e1200000, 0x00000000e1200000| Untracked 
|  19|0x00000000e1300000, 0x00000000e1300000, 0x00000000e1400000|  0%| F|  |TAMS 0x00000000e1300000, 0x00000000e1300000| Untracked 
|  20|0x00000000e1400000, 0x00000000e1400000, 0x00000000e1500000|  0%| F|  |TAMS 0x00000000e1400000, 0x00000000e1400000| Untracked 
|  21|0x00000000e1500000, 0x00000000e1500000, 0x00000000e1600000|  0%| F|  |TAMS 0x00000000e1500000, 0x00000000e1500000| Untracked 
|  22|0x00000000e1600000, 0x00000000e1600000, 0x00000000e1700000|  0%| F|  |TAMS 0x00000000e1600000, 0x00000000e1600000| Untracked 
|  23|0x00000000e1700000, 0x00000000e1700000, 0x00000000e1800000|  0%| F|  |TAMS 0x00000000e1700000, 0x00000000e1700000| Untracked 
|  24|0x00000000e1800000, 0x00000000e1800000, 0x00000000e1900000|  0%| F|  |TAMS 0x00000000e1800000, 0x00000000e1800000| Untracked 
|  25|0x00000000e1900000, 0x00000000e1900000, 0x00000000e1a00000|  0%| F|  |TAMS 0x00000000e1900000, 0x00000000e1900000| Untracked 
|  26|0x00000000e1a00000, 0x00000000e1a00000, 0x00000000e1b00000|  0%| F|  |TAMS 0x00000000e1a00000, 0x00000000e1a00000| Untracked 
|  27|0x00000000e1b00000, 0x00000000e1b00000, 0x00000000e1c00000|  0%| F|  |TAMS 0x00000000e1b00000, 0x00000000e1b00000| Untracked 
|  28|0x00000000e1c00000, 0x00000000e1c00000, 0x00000000e1d00000|  0%| F|  |TAMS 0x00000000e1c00000, 0x00000000e1c00000| Untracked 
|  29|0x00000000e1d00000, 0x00000000e1d00000, 0x00000000e1e00000|  0%| F|  |TAMS 0x00000000e1d00000, 0x00000000e1d00000| Untracked 
|  30|0x00000000e1e00000, 0x00000000e1e00000, 0x00000000e1f00000|  0%| F|  |TAMS 0x00000000e1e00000, 0x00000000e1e00000| Untracked 
|  31|0x00000000e1f00000, 0x00000000e1f00000, 0x00000000e2000000|  0%| F|  |TAMS 0x00000000e1f00000, 0x00000000e1f00000| Untracked 
|  32|0x00000000e2000000, 0x00000000e2000000, 0x00000000e2100000|  0%| F|  |TAMS 0x00000000e2000000, 0x00000000e2000000| Untracked 
|  33|0x00000000e2100000, 0x00000000e2100000, 0x00000000e2200000|  0%| F|  |TAMS 0x00000000e2100000, 0x00000000e2100000| Untracked 
|  34|0x00000000e2200000, 0x00000000e2200000, 0x00000000e2300000|  0%| F|  |TAMS 0x00000000e2200000, 0x00000000e2200000| Untracked 
|  35|0x00000000e2300000, 0x00000000e2300000, 0x00000000e2400000|  0%| F|  |TAMS 0x00000000e2300000, 0x00000000e2300000| Untracked 
|  36|0x00000000e2400000, 0x00000000e2400000, 0x00000000e2500000|  0%| F|  |TAMS 0x00000000e2400000, 0x00000000e2400000| Untracked 
|  37|0x00000000e2500000, 0x00000000e2500000, 0x00000000e2600000|  0%| F|  |TAMS 0x00000000e2500000, 0x00000000e2500000| Untracked 
|  38|0x00000000e2600000, 0x00000000e2600000, 0x00000000e2700000|  0%| F|  |TAMS 0x00000000e2600000, 0x00000000e2600000| Untracked 
|  39|0x00000000e2700000, 0x00000000e2700000, 0x00000000e2800000|  0%| F|  |TAMS 0x00000000e2700000, 0x00000000e2700000| Untracked 
|  40|0x00000000e2800000, 0x00000000e2800000, 0x00000000e2900000|  0%| F|  |TAMS 0x00000000e2800000, 0x00000000e2800000| Untracked 
|  41|0x00000000e2900000, 0x00000000e2900000, 0x00000000e2a00000|  0%| F|  |TAMS 0x00000000e2900000, 0x00000000e2900000| Untracked 
|  42|0x00000000e2a00000, 0x00000000e2a00000, 0x00000000e2b00000|  0%| F|  |TAMS 0x00000000e2a00000, 0x00000000e2a00000| Untracked 
|  43|0x00000000e2b00000, 0x00000000e2b00000, 0x00000000e2c00000|  0%| F|  |TAMS 0x00000000e2b00000, 0x00000000e2b00000| Untracked 
|  44|0x00000000e2c00000, 0x00000000e2c00000, 0x00000000e2d00000|  0%| F|  |TAMS 0x00000000e2c00000, 0x00000000e2c00000| Untracked 
|  45|0x00000000e2d00000, 0x00000000e2d00000, 0x00000000e2e00000|  0%| F|  |TAMS 0x00000000e2d00000, 0x00000000e2d00000| Untracked 
|  46|0x00000000e2e00000, 0x00000000e2e00000, 0x00000000e2f00000|  0%| F|  |TAMS 0x00000000e2e00000, 0x00000000e2e00000| Untracked 
|  47|0x00000000e2f00000, 0x00000000e2f00000, 0x00000000e3000000|  0%| F|  |TAMS 0x00000000e2f00000, 0x00000000e2f00000| Untracked 
|  48|0x00000000e3000000, 0x00000000e3000000, 0x00000000e3100000|  0%| F|  |TAMS 0x00000000e3000000, 0x00000000e3000000| Untracked 
|  49|0x00000000e3100000, 0x00000000e3100000, 0x00000000e3200000|  0%| F|  |TAMS 0x00000000e3100000, 0x00000000e3100000| Untracked 
|  50|0x00000000e3200000, 0x00000000e3200000, 0x00000000e3300000|  0%| F|  |TAMS 0x00000000e3200000, 0x00000000e3200000| Untracked 
|  51|0x00000000e3300000, 0x00000000e3300000, 0x00000000e3400000|  0%| F|  |TAMS 0x00000000e3300000, 0x00000000e3300000| Untracked 
|  52|0x00000000e3400000, 0x00000000e3400000, 0x00000000e3500000|  0%| F|  |TAMS 0x00000000e3400000, 0x00000000e3400000| Untracked 
|  53|0x00000000e3500000, 0x00000000e3500000, 0x00000000e3600000|  0%| F|  |TAMS 0x00000000e3500000, 0x00000000e3500000| Untracked 
|  54|0x00000000e3600000, 0x00000000e3600000, 0x00000000e3700000|  0%| F|  |TAMS 0x00000000e3600000, 0x00000000e3600000| Untracked 
|  55|0x00000000e3700000, 0x00000000e3700000, 0x00000000e3800000|  0%| F|  |TAMS 0x00000000e3700000, 0x00000000e3700000| Untracked 
|  56|0x00000000e3800000, 0x00000000e3800000, 0x00000000e3900000|  0%| F|  |TAMS 0x00000000e3800000, 0x00000000e3800000| Untracked 
|  57|0x00000000e3900000, 0x00000000e3900000, 0x00000000e3a00000|  0%| F|  |TAMS 0x00000000e3900000, 0x00000000e3900000| Untracked 
|  58|0x00000000e3a00000, 0x00000000e3a00000, 0x00000000e3b00000|  0%| F|  |TAMS 0x00000000e3a00000, 0x00000000e3a00000| Untracked 
|  59|0x00000000e3b00000, 0x00000000e3b00000, 0x00000000e3c00000|  0%| F|  |TAMS 0x00000000e3b00000, 0x00000000e3b00000| Untracked 
|  60|0x00000000e3c00000, 0x00000000e3c00000, 0x00000000e3d00000|  0%| F|  |TAMS 0x00000000e3c00000, 0x00000000e3c00000| Untracked 
|  61|0x00000000e3d00000, 0x00000000e3d00000, 0x00000000e3e00000|  0%| F|  |TAMS 0x00000000e3d00000, 0x00000000e3d00000| Untracked 
|  62|0x00000000e3e00000, 0x00000000e3e00000, 0x00000000e3f00000|  0%| F|  |TAMS 0x00000000e3e00000, 0x00000000e3e00000| Untracked 
|  63|0x00000000e3f00000, 0x00000000e3f00000, 0x00000000e4000000|  0%| F|  |TAMS 0x00000000e3f00000, 0x00000000e3f00000| Untracked 
|  64|0x00000000e4000000, 0x00000000e4000000, 0x00000000e4100000|  0%| F|  |TAMS 0x00000000e4000000, 0x00000000e4000000| Untracked 
|  65|0x00000000e4100000, 0x00000000e4100000, 0x00000000e4200000|  0%| F|  |TAMS 0x00000000e4100000, 0x00000000e4100000| Untracked 
|  66|0x00000000e4200000, 0x00000000e4200000, 0x00000000e4300000|  0%| F|  |TAMS 0x00000000e4200000, 0x00000000e4200000| Untracked 
|  67|0x00000000e4300000, 0x00000000e4300000, 0x00000000e4400000|  0%| F|  |TAMS 0x00000000e4300000, 0x00000000e4300000| Untracked 
|  68|0x00000000e4400000, 0x00000000e4400000, 0x00000000e4500000|  0%| F|  |TAMS 0x00000000e4400000, 0x00000000e4400000| Untracked 
|  69|0x00000000e4500000, 0x00000000e4500000, 0x00000000e4600000|  0%| F|  |TAMS 0x00000000e4500000, 0x00000000e4500000| Untracked 
|  70|0x00000000e4600000, 0x00000000e4600000, 0x00000000e4700000|  0%| F|  |TAMS 0x00000000e4600000, 0x00000000e4600000| Untracked 
|  71|0x00000000e4700000, 0x00000000e4700000, 0x00000000e4800000|  0%| F|  |TAMS 0x00000000e4700000, 0x00000000e4700000| Untracked 
|  72|0x00000000e4800000, 0x00000000e4800000, 0x00000000e4900000|  0%| F|  |TAMS 0x00000000e4800000, 0x00000000e4800000| Untracked 
|  73|0x00000000e4900000, 0x00000000e4900000, 0x00000000e4a00000|  0%| F|  |TAMS 0x00000000e4900000, 0x00000000e4900000| Untracked 
|  74|0x00000000e4a00000, 0x00000000e4a00000, 0x00000000e4b00000|  0%| F|  |TAMS 0x00000000e4a00000, 0x00000000e4a00000| Untracked 
|  75|0x00000000e4b00000, 0x00000000e4b00000, 0x00000000e4c00000|  0%| F|  |TAMS 0x00000000e4b00000, 0x00000000e4b00000| Untracked 
|  76|0x00000000e4c00000, 0x00000000e4c00000, 0x00000000e4d00000|  0%| F|  |TAMS 0x00000000e4c00000, 0x00000000e4c00000| Untracked 
|  77|0x00000000e4d00000, 0x00000000e4d00000, 0x00000000e4e00000|  0%| F|  |TAMS 0x00000000e4d00000, 0x00000000e4d00000| Untracked 
|  78|0x00000000e4e00000, 0x00000000e4e00000, 0x00000000e4f00000|  0%| F|  |TAMS 0x00000000e4e00000, 0x00000000e4e00000| Untracked 
|  79|0x00000000e4f00000, 0x00000000e4f00000, 0x00000000e5000000|  0%| F|  |TAMS 0x00000000e4f00000, 0x00000000e4f00000| Untracked 
|  80|0x00000000e5000000, 0x00000000e5000000, 0x00000000e5100000|  0%| F|  |TAMS 0x00000000e5000000, 0x00000000e5000000| Untracked 
|  81|0x00000000e5100000, 0x00000000e5100000, 0x00000000e5200000|  0%| F|  |TAMS 0x00000000e5100000, 0x00000000e5100000| Untracked 
|  82|0x00000000e5200000, 0x00000000e5200000, 0x00000000e5300000|  0%| F|  |TAMS 0x00000000e5200000, 0x00000000e5200000| Untracked 
|  83|0x00000000e5300000, 0x00000000e5300000, 0x00000000e5400000|  0%| F|  |TAMS 0x00000000e5300000, 0x00000000e5300000| Untracked 
|  84|0x00000000e5400000, 0x00000000e5400000, 0x00000000e5500000|  0%| F|  |TAMS 0x00000000e5400000, 0x00000000e5400000| Untracked 
|  85|0x00000000e5500000, 0x00000000e5500000, 0x00000000e5600000|  0%| F|  |TAMS 0x00000000e5500000, 0x00000000e5500000| Untracked 
|  86|0x00000000e5600000, 0x00000000e5600000, 0x00000000e5700000|  0%| F|  |TAMS 0x00000000e5600000, 0x00000000e5600000| Untracked 
|  87|0x00000000e5700000, 0x00000000e5700000, 0x00000000e5800000|  0%| F|  |TAMS 0x00000000e5700000, 0x00000000e5700000| Untracked 
|  88|0x00000000e5800000, 0x00000000e5800000, 0x00000000e5900000|  0%| F|  |TAMS 0x00000000e5800000, 0x00000000e5800000| Untracked 
|  89|0x00000000e5900000, 0x00000000e5900000, 0x00000000e5a00000|  0%| F|  |TAMS 0x00000000e5900000, 0x00000000e5900000| Untracked 
|  90|0x00000000e5a00000, 0x00000000e5a00000, 0x00000000e5b00000|  0%| F|  |TAMS 0x00000000e5a00000, 0x00000000e5a00000| Untracked 
|  91|0x00000000e5b00000, 0x00000000e5b00000, 0x00000000e5c00000|  0%| F|  |TAMS 0x00000000e5b00000, 0x00000000e5b00000| Untracked 
|  92|0x00000000e5c00000, 0x00000000e5c00000, 0x00000000e5d00000|  0%| F|  |TAMS 0x00000000e5c00000, 0x00000000e5c00000| Untracked 
|  93|0x00000000e5d00000, 0x00000000e5d00000, 0x00000000e5e00000|  0%| F|  |TAMS 0x00000000e5d00000, 0x00000000e5d00000| Untracked 
|  94|0x00000000e5e00000, 0x00000000e5e00000, 0x00000000e5f00000|  0%| F|  |TAMS 0x00000000e5e00000, 0x00000000e5e00000| Untracked 
|  95|0x00000000e5f00000, 0x00000000e5f00000, 0x00000000e6000000|  0%| F|  |TAMS 0x00000000e5f00000, 0x00000000e5f00000| Untracked 
|  96|0x00000000e6000000, 0x00000000e6000000, 0x00000000e6100000|  0%| F|  |TAMS 0x00000000e6000000, 0x00000000e6000000| Untracked 
|  97|0x00000000e6100000, 0x00000000e6100000, 0x00000000e6200000|  0%| F|  |TAMS 0x00000000e6100000, 0x00000000e6100000| Untracked 
|  98|0x00000000e6200000, 0x00000000e6200000, 0x00000000e6300000|  0%| F|  |TAMS 0x00000000e6200000, 0x00000000e6200000| Untracked 
|  99|0x00000000e6300000, 0x00000000e6300000, 0x00000000e6400000|  0%| F|  |TAMS 0x00000000e6300000, 0x00000000e6300000| Untracked 
| 100|0x00000000e6400000, 0x00000000e6400000, 0x00000000e6500000|  0%| F|  |TAMS 0x00000000e6400000, 0x00000000e6400000| Untracked 
| 101|0x00000000e6500000, 0x00000000e6500000, 0x00000000e6600000|  0%| F|  |TAMS 0x00000000e6500000, 0x00000000e6500000| Untracked 
| 102|0x00000000e6600000, 0x00000000e6600000, 0x00000000e6700000|  0%| F|  |TAMS 0x00000000e6600000, 0x00000000e6600000| Untracked 
| 103|0x00000000e6700000, 0x00000000e6700000, 0x00000000e6800000|  0%| F|  |TAMS 0x00000000e6700000, 0x00000000e6700000| Untracked 
| 104|0x00000000e6800000, 0x00000000e6800000, 0x00000000e6900000|  0%| F|  |TAMS 0x00000000e6800000, 0x00000000e6800000| Untracked 
| 105|0x00000000e6900000, 0x00000000e6900000, 0x00000000e6a00000|  0%| F|  |TAMS 0x00000000e6900000, 0x00000000e6900000| Untracked 
| 106|0x00000000e6a00000, 0x00000000e6a00000, 0x00000000e6b00000|  0%| F|  |TAMS 0x00000000e6a00000, 0x00000000e6a00000| Untracked 
| 107|0x00000000e6b00000, 0x00000000e6b00000, 0x00000000e6c00000|  0%| F|  |TAMS 0x00000000e6b00000, 0x00000000e6b00000| Untracked 
| 108|0x00000000e6c00000, 0x00000000e6c00000, 0x00000000e6d00000|  0%| F|  |TAMS 0x00000000e6c00000, 0x00000000e6c00000| Untracked 
| 109|0x00000000e6d00000, 0x00000000e6d00000, 0x00000000e6e00000|  0%| F|  |TAMS 0x00000000e6d00000, 0x00000000e6d00000| Untracked 
| 110|0x00000000e6e00000, 0x00000000e6e00000, 0x00000000e6f00000|  0%| F|  |TAMS 0x00000000e6e00000, 0x00000000e6e00000| Untracked 
| 111|0x00000000e6f00000, 0x00000000e6f00000, 0x00000000e7000000|  0%| F|  |TAMS 0x00000000e6f00000, 0x00000000e6f00000| Untracked 
| 112|0x00000000e7000000, 0x00000000e7000000, 0x00000000e7100000|  0%| F|  |TAMS 0x00000000e7000000, 0x00000000e7000000| Untracked 
| 113|0x00000000e7100000, 0x00000000e7100000, 0x00000000e7200000|  0%| F|  |TAMS 0x00000000e7100000, 0x00000000e7100000| Untracked 
| 114|0x00000000e7200000, 0x00000000e7200000, 0x00000000e7300000|  0%| F|  |TAMS 0x00000000e7200000, 0x00000000e7200000| Untracked 
| 115|0x00000000e7300000, 0x00000000e7300000, 0x00000000e7400000|  0%| F|  |TAMS 0x00000000e7300000, 0x00000000e7300000| Untracked 
| 116|0x00000000e7400000, 0x00000000e7400000, 0x00000000e7500000|  0%| F|  |TAMS 0x00000000e7400000, 0x00000000e7400000| Untracked 
| 117|0x00000000e7500000, 0x00000000e7500000, 0x00000000e7600000|  0%| F|  |TAMS 0x00000000e7500000, 0x00000000e7500000| Untracked 
| 118|0x00000000e7600000, 0x00000000e7600000, 0x00000000e7700000|  0%| F|  |TAMS 0x00000000e7600000, 0x00000000e7600000| Untracked 
| 119|0x00000000e7700000, 0x00000000e7700000, 0x00000000e7800000|  0%| F|  |TAMS 0x00000000e7700000, 0x00000000e7700000| Untracked 
| 120|0x00000000e7800000, 0x00000000e7800000, 0x00000000e7900000|  0%| F|  |TAMS 0x00000000e7800000, 0x00000000e7800000| Untracked 
| 121|0x00000000e7900000, 0x00000000e7900000, 0x00000000e7a00000|  0%| F|  |TAMS 0x00000000e7900000, 0x00000000e7900000| Untracked 
| 122|0x00000000e7a00000, 0x00000000e7a00000, 0x00000000e7b00000|  0%| F|  |TAMS 0x00000000e7a00000, 0x00000000e7a00000| Untracked 
| 123|0x00000000e7b00000, 0x00000000e7b00000, 0x00000000e7c00000|  0%| F|  |TAMS 0x00000000e7b00000, 0x00000000e7b00000| Untracked 
| 124|0x00000000e7c00000, 0x00000000e7c00000, 0x00000000e7d00000|  0%| F|  |TAMS 0x00000000e7c00000, 0x00000000e7c00000| Untracked 
| 125|0x00000000e7d00000, 0x00000000e7d00000, 0x00000000e7e00000|  0%| F|  |TAMS 0x00000000e7d00000, 0x00000000e7d00000| Untracked 
| 126|0x00000000e7e00000, 0x00000000e7e00000, 0x00000000e7f00000|  0%| F|  |TAMS 0x00000000e7e00000, 0x00000000e7e00000| Untracked 
| 127|0x00000000e7f00000, 0x00000000e7f00000, 0x00000000e8000000|  0%| F|  |TAMS 0x00000000e7f00000, 0x00000000e7f00000| Untracked 
| 128|0x00000000e8000000, 0x00000000e8000000, 0x00000000e8100000|  0%| F|  |TAMS 0x00000000e8000000, 0x00000000e8000000| Untracked 
| 129|0x00000000e8100000, 0x00000000e8100000, 0x00000000e8200000|  0%| F|  |TAMS 0x00000000e8100000, 0x00000000e8100000| Untracked 
| 130|0x00000000e8200000, 0x00000000e8200000, 0x00000000e8300000|  0%| F|  |TAMS 0x00000000e8200000, 0x00000000e8200000| Untracked 
| 131|0x00000000e8300000, 0x00000000e8300000, 0x00000000e8400000|  0%| F|  |TAMS 0x00000000e8300000, 0x00000000e8300000| Untracked 
| 132|0x00000000e8400000, 0x00000000e8400000, 0x00000000e8500000|  0%| F|  |TAMS 0x00000000e8400000, 0x00000000e8400000| Untracked 
| 133|0x00000000e8500000, 0x00000000e8500000, 0x00000000e8600000|  0%| F|  |TAMS 0x00000000e8500000, 0x00000000e8500000| Untracked 
| 134|0x00000000e8600000, 0x00000000e8600000, 0x00000000e8700000|  0%| F|  |TAMS 0x00000000e8600000, 0x00000000e8600000| Untracked 
| 135|0x00000000e8700000, 0x00000000e8700000, 0x00000000e8800000|  0%| F|  |TAMS 0x00000000e8700000, 0x00000000e8700000| Untracked 
| 136|0x00000000e8800000, 0x00000000e8800000, 0x00000000e8900000|  0%| F|  |TAMS 0x00000000e8800000, 0x00000000e8800000| Untracked 
| 137|0x00000000e8900000, 0x00000000e8900000, 0x00000000e8a00000|  0%| F|  |TAMS 0x00000000e8900000, 0x00000000e8900000| Untracked 
| 138|0x00000000e8a00000, 0x00000000e8a00000, 0x00000000e8b00000|  0%| F|  |TAMS 0x00000000e8a00000, 0x00000000e8a00000| Untracked 
| 139|0x00000000e8b00000, 0x00000000e8b00000, 0x00000000e8c00000|  0%| F|  |TAMS 0x00000000e8b00000, 0x00000000e8b00000| Untracked 
| 140|0x00000000e8c00000, 0x00000000e8c00000, 0x00000000e8d00000|  0%| F|  |TAMS 0x00000000e8c00000, 0x00000000e8c00000| Untracked 
| 141|0x00000000e8d00000, 0x00000000e8d00000, 0x00000000e8e00000|  0%| F|  |TAMS 0x00000000e8d00000, 0x00000000e8d00000| Untracked 
| 142|0x00000000e8e00000, 0x00000000e8e00000, 0x00000000e8f00000|  0%| F|  |TAMS 0x00000000e8e00000, 0x00000000e8e00000| Untracked 
| 143|0x00000000e8f00000, 0x00000000e8f00000, 0x00000000e9000000|  0%| F|  |TAMS 0x00000000e8f00000, 0x00000000e8f00000| Untracked 
| 144|0x00000000e9000000, 0x00000000e9000000, 0x00000000e9100000|  0%| F|  |TAMS 0x00000000e9000000, 0x00000000e9000000| Untracked 
| 145|0x00000000e9100000, 0x00000000e9100000, 0x00000000e9200000|  0%| F|  |TAMS 0x00000000e9100000, 0x00000000e9100000| Untracked 
| 146|0x00000000e9200000, 0x00000000e9200000, 0x00000000e9300000|  0%| F|  |TAMS 0x00000000e9200000, 0x00000000e9200000| Untracked 
| 147|0x00000000e9300000, 0x00000000e9300000, 0x00000000e9400000|  0%| F|  |TAMS 0x00000000e9300000, 0x00000000e9300000| Untracked 
| 148|0x00000000e9400000, 0x00000000e9400000, 0x00000000e9500000|  0%| F|  |TAMS 0x00000000e9400000, 0x00000000e9400000| Untracked 
| 149|0x00000000e9500000, 0x00000000e9500000, 0x00000000e9600000|  0%| F|  |TAMS 0x00000000e9500000, 0x00000000e9500000| Untracked 
| 150|0x00000000e9600000, 0x00000000e9600000, 0x00000000e9700000|  0%| F|  |TAMS 0x00000000e9600000, 0x00000000e9600000| Untracked 
| 151|0x00000000e9700000, 0x00000000e9780800, 0x00000000e9800000| 50%| E|  |TAMS 0x00000000e9700000, 0x00000000e9700000| Complete 
| 152|0x00000000e9800000, 0x00000000e9900000, 0x00000000e9900000|100%| E|CS|TAMS 0x00000000e9800000, 0x00000000e9800000| Complete 
| 153|0x00000000e9900000, 0x00000000e9a00000, 0x00000000e9a00000|100%| E|CS|TAMS 0x00000000e9900000, 0x00000000e9900000| Complete 
| 154|0x00000000e9a00000, 0x00000000e9b00000, 0x00000000e9b00000|100%| E|CS|TAMS 0x00000000e9a00000, 0x00000000e9a00000| Complete 
| 155|0x00000000e9b00000, 0x00000000e9c00000, 0x00000000e9c00000|100%| E|CS|TAMS 0x00000000e9b00000, 0x00000000e9b00000| Complete 
| 156|0x00000000e9c00000, 0x00000000e9d00000, 0x00000000e9d00000|100%| E|CS|TAMS 0x00000000e9c00000, 0x00000000e9c00000| Complete 
| 157|0x00000000e9d00000, 0x00000000e9e00000, 0x00000000e9e00000|100%| E|CS|TAMS 0x00000000e9d00000, 0x00000000e9d00000| Complete 
| 158|0x00000000e9e00000, 0x00000000e9f00000, 0x00000000e9f00000|100%| E|CS|TAMS 0x00000000e9e00000, 0x00000000e9e00000| Complete 
| 159|0x00000000e9f00000, 0x00000000ea000000, 0x00000000ea000000|100%| E|CS|TAMS 0x00000000e9f00000, 0x00000000e9f00000| Complete 
| 160|0x00000000ea000000, 0x00000000ea100000, 0x00000000ea100000|100%| E|CS|TAMS 0x00000000ea000000, 0x00000000ea000000| Complete 
| 161|0x00000000ea100000, 0x00000000ea200000, 0x00000000ea200000|100%| E|CS|TAMS 0x00000000ea100000, 0x00000000ea100000| Complete 
| 162|0x00000000ea200000, 0x00000000ea300000, 0x00000000ea300000|100%| E|CS|TAMS 0x00000000ea200000, 0x00000000ea200000| Complete 
| 163|0x00000000ea300000, 0x00000000ea400000, 0x00000000ea400000|100%| E|CS|TAMS 0x00000000ea300000, 0x00000000ea300000| Complete 
| 164|0x00000000ea400000, 0x00000000ea500000, 0x00000000ea500000|100%| E|CS|TAMS 0x00000000ea400000, 0x00000000ea400000| Complete 
| 165|0x00000000ea500000, 0x00000000ea600000, 0x00000000ea600000|100%| E|CS|TAMS 0x00000000ea500000, 0x00000000ea500000| Complete 
| 166|0x00000000ea600000, 0x00000000ea700000, 0x00000000ea700000|100%| E|CS|TAMS 0x00000000ea600000, 0x00000000ea600000| Complete 
| 167|0x00000000ea700000, 0x00000000ea800000, 0x00000000ea800000|100%| E|CS|TAMS 0x00000000ea700000, 0x00000000ea700000| Complete 
| 168|0x00000000ea800000, 0x00000000ea900000, 0x00000000ea900000|100%| E|CS|TAMS 0x00000000ea800000, 0x00000000ea800000| Complete 
| 169|0x00000000ea900000, 0x00000000eaa00000, 0x00000000eaa00000|100%| E|CS|TAMS 0x00000000ea900000, 0x00000000ea900000| Complete 
| 170|0x00000000eaa00000, 0x00000000eab00000, 0x00000000eab00000|100%| E|CS|TAMS 0x00000000eaa00000, 0x00000000eaa00000| Complete 
| 171|0x00000000eab00000, 0x00000000eac00000, 0x00000000eac00000|100%| E|CS|TAMS 0x00000000eab00000, 0x00000000eab00000| Complete 
| 172|0x00000000eac00000, 0x00000000ead00000, 0x00000000ead00000|100%| E|CS|TAMS 0x00000000eac00000, 0x00000000eac00000| Complete 
| 173|0x00000000ead00000, 0x00000000eae00000, 0x00000000eae00000|100%| E|CS|TAMS 0x00000000ead00000, 0x00000000ead00000| Complete 
| 174|0x00000000eae00000, 0x00000000eaf00000, 0x00000000eaf00000|100%| E|CS|TAMS 0x00000000eae00000, 0x00000000eae00000| Complete 
| 175|0x00000000eaf00000, 0x00000000eb000000, 0x00000000eb000000|100%| E|CS|TAMS 0x00000000eaf00000, 0x00000000eaf00000| Complete 
| 176|0x00000000eb000000, 0x00000000eb100000, 0x00000000eb100000|100%| E|CS|TAMS 0x00000000eb000000, 0x00000000eb000000| Complete 
| 177|0x00000000eb100000, 0x00000000eb200000, 0x00000000eb200000|100%| E|CS|TAMS 0x00000000eb100000, 0x00000000eb100000| Complete 
| 178|0x00000000eb200000, 0x00000000eb300000, 0x00000000eb300000|100%| E|CS|TAMS 0x00000000eb200000, 0x00000000eb200000| Complete 
| 179|0x00000000eb300000, 0x00000000eb400000, 0x00000000eb400000|100%| E|CS|TAMS 0x00000000eb300000, 0x00000000eb300000| Complete 
| 180|0x00000000eb400000, 0x00000000eb500000, 0x00000000eb500000|100%| E|CS|TAMS 0x00000000eb400000, 0x00000000eb400000| Complete 
| 181|0x00000000eb500000, 0x00000000eb600000, 0x00000000eb600000|100%| E|CS|TAMS 0x00000000eb500000, 0x00000000eb500000| Complete 
| 182|0x00000000eb600000, 0x00000000eb700000, 0x00000000eb700000|100%| E|CS|TAMS 0x00000000eb600000, 0x00000000eb600000| Complete 
| 183|0x00000000eb700000, 0x00000000eb800000, 0x00000000eb800000|100%| E|CS|TAMS 0x00000000eb700000, 0x00000000eb700000| Complete 
| 184|0x00000000eb800000, 0x00000000eb900000, 0x00000000eb900000|100%| E|CS|TAMS 0x00000000eb800000, 0x00000000eb800000| Complete 
| 185|0x00000000eb900000, 0x00000000eba00000, 0x00000000eba00000|100%| E|CS|TAMS 0x00000000eb900000, 0x00000000eb900000| Complete 
| 186|0x00000000eba00000, 0x00000000ebb00000, 0x00000000ebb00000|100%| E|CS|TAMS 0x00000000eba00000, 0x00000000eba00000| Complete 
| 187|0x00000000ebb00000, 0x00000000ebc00000, 0x00000000ebc00000|100%| E|CS|TAMS 0x00000000ebb00000, 0x00000000ebb00000| Complete 
| 188|0x00000000ebc00000, 0x00000000ebd00000, 0x00000000ebd00000|100%| E|CS|TAMS 0x00000000ebc00000, 0x00000000ebc00000| Complete 
| 189|0x00000000ebd00000, 0x00000000ebe00000, 0x00000000ebe00000|100%| E|CS|TAMS 0x00000000ebd00000, 0x00000000ebd00000| Complete 
| 190|0x00000000ebe00000, 0x00000000ebf00000, 0x00000000ebf00000|100%| E|CS|TAMS 0x00000000ebe00000, 0x00000000ebe00000| Complete 
| 191|0x00000000ebf00000, 0x00000000ec000000, 0x00000000ec000000|100%| E|CS|TAMS 0x00000000ebf00000, 0x00000000ebf00000| Complete 
| 192|0x00000000ec000000, 0x00000000ec100000, 0x00000000ec100000|100%| E|CS|TAMS 0x00000000ec000000, 0x00000000ec000000| Complete 
| 193|0x00000000ec100000, 0x00000000ec200000, 0x00000000ec200000|100%| E|CS|TAMS 0x00000000ec100000, 0x00000000ec100000| Complete 
| 194|0x00000000ec200000, 0x00000000ec300000, 0x00000000ec300000|100%| E|CS|TAMS 0x00000000ec200000, 0x00000000ec200000| Complete 
| 195|0x00000000ec300000, 0x00000000ec400000, 0x00000000ec400000|100%| E|CS|TAMS 0x00000000ec300000, 0x00000000ec300000| Complete 
| 196|0x00000000ec400000, 0x00000000ec500000, 0x00000000ec500000|100%| E|CS|TAMS 0x00000000ec400000, 0x00000000ec400000| Complete 
| 197|0x00000000ec500000, 0x00000000ec600000, 0x00000000ec600000|100%| E|CS|TAMS 0x00000000ec500000, 0x00000000ec500000| Complete 
| 198|0x00000000ec600000, 0x00000000ec700000, 0x00000000ec700000|100%| E|CS|TAMS 0x00000000ec600000, 0x00000000ec600000| Complete 
| 199|0x00000000ec700000, 0x00000000ec800000, 0x00000000ec800000|100%| E|CS|TAMS 0x00000000ec700000, 0x00000000ec700000| Complete 
| 200|0x00000000ec800000, 0x00000000ec900000, 0x00000000ec900000|100%| E|CS|TAMS 0x00000000ec800000, 0x00000000ec800000| Complete 
| 201|0x00000000ec900000, 0x00000000eca00000, 0x00000000eca00000|100%| E|CS|TAMS 0x00000000ec900000, 0x00000000ec900000| Complete 
| 202|0x00000000eca00000, 0x00000000ecb00000, 0x00000000ecb00000|100%| E|CS|TAMS 0x00000000eca00000, 0x00000000eca00000| Complete 
| 203|0x00000000ecb00000, 0x00000000ecc00000, 0x00000000ecc00000|100%| E|CS|TAMS 0x00000000ecb00000, 0x00000000ecb00000| Complete 
| 204|0x00000000ecc00000, 0x00000000ecd00000, 0x00000000ecd00000|100%| E|CS|TAMS 0x00000000ecc00000, 0x00000000ecc00000| Complete 
| 205|0x00000000ecd00000, 0x00000000ece00000, 0x00000000ece00000|100%| E|CS|TAMS 0x00000000ecd00000, 0x00000000ecd00000| Complete 
| 206|0x00000000ece00000, 0x00000000ecf00000, 0x00000000ecf00000|100%| E|CS|TAMS 0x00000000ece00000, 0x00000000ece00000| Complete 
| 207|0x00000000ecf00000, 0x00000000ed000000, 0x00000000ed000000|100%| E|CS|TAMS 0x00000000ecf00000, 0x00000000ecf00000| Complete 
| 208|0x00000000ed000000, 0x00000000ed100000, 0x00000000ed100000|100%| E|CS|TAMS 0x00000000ed000000, 0x00000000ed000000| Complete 
| 209|0x00000000ed100000, 0x00000000ed200000, 0x00000000ed200000|100%| E|CS|TAMS 0x00000000ed100000, 0x00000000ed100000| Complete 
| 210|0x00000000ed200000, 0x00000000ed300000, 0x00000000ed300000|100%| E|CS|TAMS 0x00000000ed200000, 0x00000000ed200000| Complete 
| 211|0x00000000ed300000, 0x00000000ed400000, 0x00000000ed400000|100%| E|CS|TAMS 0x00000000ed300000, 0x00000000ed300000| Complete 
| 212|0x00000000ed400000, 0x00000000ed500000, 0x00000000ed500000|100%| E|CS|TAMS 0x00000000ed400000, 0x00000000ed400000| Complete 
| 213|0x00000000ed500000, 0x00000000ed600000, 0x00000000ed600000|100%| E|CS|TAMS 0x00000000ed500000, 0x00000000ed500000| Complete 
| 214|0x00000000ed600000, 0x00000000ed700000, 0x00000000ed700000|100%| E|CS|TAMS 0x00000000ed600000, 0x00000000ed600000| Complete 
| 215|0x00000000ed700000, 0x00000000ed800000, 0x00000000ed800000|100%| E|CS|TAMS 0x00000000ed700000, 0x00000000ed700000| Complete 
| 216|0x00000000ed800000, 0x00000000ed900000, 0x00000000ed900000|100%| E|CS|TAMS 0x00000000ed800000, 0x00000000ed800000| Complete 
| 217|0x00000000ed900000, 0x00000000eda00000, 0x00000000eda00000|100%| E|CS|TAMS 0x00000000ed900000, 0x00000000ed900000| Complete 
| 218|0x00000000eda00000, 0x00000000edb00000, 0x00000000edb00000|100%| E|CS|TAMS 0x00000000eda00000, 0x00000000eda00000| Complete 
| 219|0x00000000edb00000, 0x00000000edc00000, 0x00000000edc00000|100%| E|CS|TAMS 0x00000000edb00000, 0x00000000edb00000| Complete 
| 220|0x00000000edc00000, 0x00000000edd00000, 0x00000000edd00000|100%| E|CS|TAMS 0x00000000edc00000, 0x00000000edc00000| Complete 
| 221|0x00000000edd00000, 0x00000000ede00000, 0x00000000ede00000|100%| E|CS|TAMS 0x00000000edd00000, 0x00000000edd00000| Complete 
| 222|0x00000000ede00000, 0x00000000edf00000, 0x00000000edf00000|100%| E|CS|TAMS 0x00000000ede00000, 0x00000000ede00000| Complete 
| 223|0x00000000edf00000, 0x00000000ee000000, 0x00000000ee000000|100%| E|CS|TAMS 0x00000000edf00000, 0x00000000edf00000| Complete 
| 224|0x00000000ee000000, 0x00000000ee100000, 0x00000000ee100000|100%| E|CS|TAMS 0x00000000ee000000, 0x00000000ee000000| Complete 
| 225|0x00000000ee100000, 0x00000000ee1d0cf8, 0x00000000ee200000| 81%| S|CS|TAMS 0x00000000ee100000, 0x00000000ee100000| Complete 
| 226|0x00000000ee200000, 0x00000000ee300000, 0x00000000ee300000|100%| E|CS|TAMS 0x00000000ee200000, 0x00000000ee200000| Complete 
| 227|0x00000000ee300000, 0x00000000ee400000, 0x00000000ee400000|100%| E|CS|TAMS 0x00000000ee300000, 0x00000000ee300000| Complete 
| 228|0x00000000ee400000, 0x00000000ee500000, 0x00000000ee500000|100%| E|CS|TAMS 0x00000000ee400000, 0x00000000ee400000| Complete 
| 229|0x00000000ee500000, 0x00000000ee600000, 0x00000000ee600000|100%| E|CS|TAMS 0x00000000ee500000, 0x00000000ee500000| Complete 
| 230|0x00000000ee600000, 0x00000000ee700000, 0x00000000ee700000|100%| E|CS|TAMS 0x00000000ee600000, 0x00000000ee600000| Complete 
| 231|0x00000000ee700000, 0x00000000ee800000, 0x00000000ee800000|100%| E|CS|TAMS 0x00000000ee700000, 0x00000000ee700000| Complete 
| 232|0x00000000ee800000, 0x00000000ee900000, 0x00000000ee900000|100%| E|CS|TAMS 0x00000000ee800000, 0x00000000ee800000| Complete 
| 233|0x00000000ee900000, 0x00000000eea00000, 0x00000000eea00000|100%| E|CS|TAMS 0x00000000ee900000, 0x00000000ee900000| Complete 
| 234|0x00000000eea00000, 0x00000000eeb00000, 0x00000000eeb00000|100%| E|CS|TAMS 0x00000000eea00000, 0x00000000eea00000| Complete 
| 235|0x00000000eeb00000, 0x00000000eec00000, 0x00000000eec00000|100%| E|CS|TAMS 0x00000000eeb00000, 0x00000000eeb00000| Complete 
| 236|0x00000000eec00000, 0x00000000eed00000, 0x00000000eed00000|100%| E|CS|TAMS 0x00000000eec00000, 0x00000000eec00000| Complete 
| 237|0x00000000eed00000, 0x00000000eee00000, 0x00000000eee00000|100%| E|CS|TAMS 0x00000000eed00000, 0x00000000eed00000| Complete 
| 238|0x00000000eee00000, 0x00000000eef00000, 0x00000000eef00000|100%| E|CS|TAMS 0x00000000eee00000, 0x00000000eee00000| Complete 
| 239|0x00000000eef00000, 0x00000000ef000000, 0x00000000ef000000|100%| E|CS|TAMS 0x00000000eef00000, 0x00000000eef00000| Complete 
| 240|0x00000000ef000000, 0x00000000ef100000, 0x00000000ef100000|100%| E|CS|TAMS 0x00000000ef000000, 0x00000000ef000000| Complete 
| 241|0x00000000ef100000, 0x00000000ef200000, 0x00000000ef200000|100%| E|CS|TAMS 0x00000000ef100000, 0x00000000ef100000| Complete 
| 242|0x00000000ef200000, 0x00000000ef300000, 0x00000000ef300000|100%| E|CS|TAMS 0x00000000ef200000, 0x00000000ef200000| Complete 
| 243|0x00000000ef300000, 0x00000000ef400000, 0x00000000ef400000|100%| E|CS|TAMS 0x00000000ef300000, 0x00000000ef300000| Complete 
| 244|0x00000000ef400000, 0x00000000ef500000, 0x00000000ef500000|100%| E|CS|TAMS 0x00000000ef400000, 0x00000000ef400000| Complete 
| 245|0x00000000ef500000, 0x00000000ef600000, 0x00000000ef600000|100%| E|CS|TAMS 0x00000000ef500000, 0x00000000ef500000| Complete 
| 246|0x00000000ef600000, 0x00000000ef700000, 0x00000000ef700000|100%| E|CS|TAMS 0x00000000ef600000, 0x00000000ef600000| Complete 
| 247|0x00000000ef700000, 0x00000000ef800000, 0x00000000ef800000|100%| E|CS|TAMS 0x00000000ef700000, 0x00000000ef700000| Complete 
| 248|0x00000000ef800000, 0x00000000ef900000, 0x00000000ef900000|100%| E|CS|TAMS 0x00000000ef800000, 0x00000000ef800000| Complete 
| 249|0x00000000ef900000, 0x00000000efa00000, 0x00000000efa00000|100%| E|CS|TAMS 0x00000000ef900000, 0x00000000ef900000| Complete 
| 250|0x00000000efa00000, 0x00000000efb00000, 0x00000000efb00000|100%| E|  |TAMS 0x00000000efa00000, 0x00000000efa00000| Complete 
| 251|0x00000000efb00000, 0x00000000efc00000, 0x00000000efc00000|100%| E|CS|TAMS 0x00000000efb00000, 0x00000000efb00000| Complete 
| 252|0x00000000efc00000, 0x00000000efd00000, 0x00000000efd00000|100%| E|CS|TAMS 0x00000000efc00000, 0x00000000efc00000| Complete 
| 253|0x00000000efd00000, 0x00000000efe00000, 0x00000000efe00000|100%| E|CS|TAMS 0x00000000efd00000, 0x00000000efd00000| Complete 
| 254|0x00000000efe00000, 0x00000000eff00000, 0x00000000eff00000|100%| E|CS|TAMS 0x00000000efe00000, 0x00000000efe00000| Complete 
| 255|0x00000000eff00000, 0x00000000f0000000, 0x00000000f0000000|100%| E|CS|TAMS 0x00000000eff00000, 0x00000000eff00000| Complete 

Card table byte_map: [0x000001fa2b8c0000,0x000001fa2b9c0000] _byte_map_base: 0x000001fa2b1c0000

Marking Bits (Prev, Next): (CMBitMap*) 0x000001fa127db150, (CMBitMap*) 0x000001fa127db190
 Prev Bits: [0x000001fa2bac0000, 0x000001fa2c2c0000)
 Next Bits: [0x000001fa2c2c0000, 0x000001fa2cac0000)

Polling page: 0x000001fa128d0000

Metaspace:

Usage:
  Non-class:     16.05 MB used.
      Class:      2.75 MB used.
       Both:     18.81 MB used.

Virtual space:
  Non-class space:       64.00 MB reserved,      16.19 MB ( 25%) committed,  1 nodes.
      Class space:      320.00 MB reserved,       2.88 MB ( <1%) committed,  1 nodes.
             Both:      384.00 MB reserved,      19.06 MB (  5%) committed. 

Chunk freelists:
   Non-Class:  15.69 MB
       Class:  13.16 MB
        Both:  28.84 MB

MaxMetaspaceSize: 384.00 MB
CompressedClassSpaceSize: 320.00 MB
Initial GC threshold: 21.00 MB
Current GC threshold: 21.00 MB
CDS: on
MetaspaceReclaimPolicy: balanced
 - commit_granule_bytes: 65536.
 - commit_granule_words: 8192.
 - virtual_space_node_default_size: 8388608.
 - enlarge_chunks_in_place: 1.
 - new_chunks_are_fully_committed: 0.
 - uncommit_free_chunks: 1.
 - use_allocation_guard: 0.
 - handle_deallocations: 1.


Internal statistics:

num_allocs_failed_limit: 0.
num_arena_births: 218.
num_arena_deaths: 0.
num_vsnodes_births: 2.
num_vsnodes_deaths: 0.
num_space_committed: 305.
num_space_uncommitted: 0.
num_chunks_returned_to_freelist: 0.
num_chunks_taken_from_freelist: 854.
num_chunk_merges: 0.
num_chunk_splits: 586.
num_chunks_enlarged: 443.
num_inconsistent_stats: 0.

CodeHeap 'non-profiled nmethods': size=120000Kb used=1464Kb max_used=1464Kb free=118535Kb
 bounds [0x000001fa23f60000, 0x000001fa241d0000, 0x000001fa2b490000]
CodeHeap 'profiled nmethods': size=120000Kb used=5581Kb max_used=5581Kb free=114418Kb
 bounds [0x000001fa1c490000, 0x000001fa1ca10000, 0x000001fa239c0000]
CodeHeap 'non-nmethods': size=5760Kb used=1231Kb max_used=1317Kb free=4528Kb
 bounds [0x000001fa239c0000, 0x000001fa23c30000, 0x000001fa23f60000]
 total_blobs=3209 nmethods=2668 adapters=453
 compilation: enabled
              stopped_count=0, restarted_count=0
 full_count=0

Compilation events (20 events):
Event: 45.561 Thread 0x000001fa2f68a9f0 2662       3       org.objectweb.asm.Frame::accept (264 bytes)
Event: 45.562 Thread 0x000001fa2f68a9f0 nmethod 2662 0x000001fa1c9f3310 code [0x000001fa1c9f3540, 0x000001fa1c9f3e78]
Event: 45.562 Thread 0x000001fa2f68a9f0 2664       3       org.objectweb.asm.Type::getReturnTypeOffset (64 bytes)
Event: 45.563 Thread 0x000001fa2f68a9f0 nmethod 2664 0x000001fa1c9f4210 code [0x000001fa1c9f4540, 0x000001fa1c9f5918]
Event: 45.563 Thread 0x000001fa2f68a9f0 2663       1       org.gradle.internal.instantiation.generator.AbstractClassGenerator$PropertyMetadata::getOverridableGetters (5 bytes)
Event: 45.563 Thread 0x000001fa2f68a9f0 nmethod 2663 0x000001fa240cac10 code [0x000001fa240cada0, 0x000001fa240cae78]
Event: 45.605 Thread 0x000001fa2f68a9f0 2665       3       java.util.concurrent.locks.ReentrantLock$Sync::<init> (5 bytes)
Event: 45.605 Thread 0x000001fa2f68a9f0 nmethod 2665 0x000001fa1c9f6090 code [0x000001fa1c9f6240, 0x000001fa1c9f6478]
Event: 45.605 Thread 0x000001fa2f68a9f0 2666       3       java.util.concurrent.locks.ReentrantLock$NonfairSync::<init> (5 bytes)
Event: 45.605 Thread 0x000001fa2f68a9f0 nmethod 2666 0x000001fa1c9f6590 code [0x000001fa1c9f6740, 0x000001fa1c9f69b8]
Event: 45.605 Thread 0x000001fa2f68a9f0 2667       3       java.util.HashMap::computeIfAbsent (330 bytes)
Event: 45.606 Thread 0x000001fa2f68a9f0 nmethod 2667 0x000001fa1c9f6b10 code [0x000001fa1c9f6e20, 0x000001fa1c9f84c8]
Event: 45.606 Thread 0x000001fa2f68a9f0 2668       3       jdk.internal.org.objectweb.asm.SymbolTable::addUninitializedType (103 bytes)
Event: 45.607 Thread 0x000001fa2f68a9f0 nmethod 2668 0x000001fa1c9f8b10 code [0x000001fa1c9f8d20, 0x000001fa1c9f92d8]
Event: 45.637 Thread 0x000001fa2f4fe160 nmethod 2644% 0x000001fa240caf10 code [0x000001fa240cb120, 0x000001fa240ccee8]
Event: 45.638 Thread 0x000001fa2f4fe160 2547   !   4       java.net.URLClassLoader$1::run (81 bytes)
Event: 45.663 Thread 0x000001fa2f68a9f0 2669   !   3       org.gradle.internal.service.DefaultServiceRegistry$FactoryService::bind (283 bytes)
Event: 45.688 Thread 0x000001fa2f68a9f0 nmethod 2669 0x000001fa1c9f9590 code [0x000001fa1c9f9c60, 0x000001fa1c9fe4d8]
Event: 45.744 Thread 0x000001fa2f68a9f0 2670   !   3       org.gradle.internal.event.DefaultListenerManager$EventBroadcast::maybeAdd (103 bytes)
Event: 45.765 Thread 0x000001fa2f68a9f0 nmethod 2670 0x000001fa1c9ffb90 code [0x000001fa1c9ffe20, 0x000001fa1ca00b08]

GC Heap History (4 events):
Event: 14.785 GC heap before
{Heap before GC invocations=0 (full 0):
 garbage-first heap   total 262144K, used 26624K [0x00000000e0000000, 0x0000000100000000)
  region size 1024K, 23 young (23552K), 0 survivors (0K)
 Metaspace       used 2991K, committed 3136K, reserved 393216K
  class space    used 381K, committed 448K, reserved 327680K
}
Event: 16.357 GC heap after
{Heap after GC invocations=1 (full 0):
 garbage-first heap   total 262144K, used 10321K [0x00000000e0000000, 0x0000000100000000)
  region size 1024K, 3 young (3072K), 3 survivors (3072K)
 Metaspace       used 2991K, committed 3136K, reserved 393216K
  class space    used 381K, committed 448K, reserved 327680K
}
Event: 19.650 GC heap before
{Heap before GC invocations=1 (full 0):
 garbage-first heap   total 262144K, used 37969K [0x00000000e0000000, 0x0000000100000000)
  region size 1024K, 30 young (30720K), 3 survivors (3072K)
 Metaspace       used 4001K, committed 4160K, reserved 393216K
  class space    used 492K, committed 576K, reserved 327680K
}
Event: 19.652 GC heap after
{Heap after GC invocations=2 (full 0):
 garbage-first heap   total 262144K, used 11359K [0x00000000e0000000, 0x0000000100000000)
  region size 1024K, 1 young (1024K), 1 survivors (1024K)
 Metaspace       used 4001K, committed 4160K, reserved 393216K
  class space    used 492K, committed 576K, reserved 327680K
}

Dll operation events (15 events):
Event: 0.060 Loaded shared library C:\Users\jose.caneto11\.jdks\corretto-17.0.10\bin\java.dll
Event: 0.296 Loaded shared library C:\Users\jose.caneto11\.jdks\corretto-17.0.10\bin\jsvml.dll
Event: 1.041 Loaded shared library C:\Users\jose.caneto11\.jdks\corretto-17.0.10\bin\zip.dll
Event: 1.045 Loaded shared library C:\Users\jose.caneto11\.jdks\corretto-17.0.10\bin\instrument.dll
Event: 1.057 Loaded shared library C:\Users\jose.caneto11\.jdks\corretto-17.0.10\bin\net.dll
Event: 1.066 Loaded shared library C:\Users\jose.caneto11\.jdks\corretto-17.0.10\bin\nio.dll
Event: 1.095 Loaded shared library C:\Users\jose.caneto11\.jdks\corretto-17.0.10\bin\zip.dll
Event: 2.202 Loaded shared library C:\Users\jose.caneto11\.jdks\corretto-17.0.10\bin\jimage.dll
Event: 2.559 Loaded shared library C:\Users\jose.caneto11\.jdks\corretto-17.0.10\bin\verify.dll
Event: 13.967 Loaded shared library C:\Users\jose.caneto11\.gradle\native\c067742578af261105cb4f569cf0c3c89f3d7b1fecec35dd04571415982c5e48\windows-amd64\native-platform.dll
Event: 13.976 Loaded shared library C:\Users\jose.caneto11\.gradle\native\38dada09dfb8b06ba9b0570ebf7e218e3eb74d4ef43ca46872605cf95ebc2f47\windows-amd64\native-platform-file-events.dll
Event: 22.924 Loaded shared library C:\Users\jose.caneto11\.jdks\corretto-17.0.10\bin\management.dll
Event: 22.928 Loaded shared library C:\Users\jose.caneto11\.jdks\corretto-17.0.10\bin\management_ext.dll
Event: 24.207 Loaded shared library C:\Users\jose.caneto11\.jdks\corretto-17.0.10\bin\extnet.dll
Event: 35.352 Loaded shared library C:\Users\jose.caneto11\.jdks\corretto-17.0.10\bin\sunmscapi.dll

Deoptimization events (20 events):
Event: 37.615 Thread 0x000001fa4a1547f0 Uncommon trap: trap_request=0xffffff45 fr.pc=0x000001fa23f823e8 relative=0x0000000000000ae8
Event: 37.615 Thread 0x000001fa4a1547f0 Uncommon trap: reason=unstable_if action=reinterpret pc=0x000001fa23f823e8 method=java.io.WinNTFileSystem.resolve(Ljava/lang/String;Ljava/lang/String;)Ljava/lang/String; @ 19 c2
Event: 37.615 Thread 0x000001fa4a1547f0 DEOPT PACKING pc=0x000001fa23f823e8 sp=0x00000034415fd0a0
Event: 37.615 Thread 0x000001fa4a1547f0 DEOPT UNPACKING pc=0x000001fa23a169a3 sp=0x00000034415fd048 mode 2
Event: 37.617 Thread 0x000001fa4a1547f0 Uncommon trap: trap_request=0xffffff45 fr.pc=0x000001fa23fdf568 relative=0x0000000000000628
Event: 37.617 Thread 0x000001fa4a1547f0 Uncommon trap: reason=unstable_if action=reinterpret pc=0x000001fa23fdf568 method=java.io.File.getName()Ljava/lang/String; @ 16 c2
Event: 37.617 Thread 0x000001fa4a1547f0 DEOPT PACKING pc=0x000001fa23fdf568 sp=0x00000034415fd040
Event: 37.617 Thread 0x000001fa4a1547f0 DEOPT UNPACKING pc=0x000001fa23a169a3 sp=0x00000034415fd010 mode 2
Event: 43.536 Thread 0x000001fa4a1547f0 Uncommon trap: trap_request=0xffffff45 fr.pc=0x000001fa24072a30 relative=0x00000000000003f0
Event: 43.536 Thread 0x000001fa4a1547f0 Uncommon trap: reason=unstable_if action=reinterpret pc=0x000001fa24072a30 method=java.util.HashMap.getNode(Ljava/lang/Object;)Ljava/util/HashMap$Node; @ 131 c2
Event: 43.536 Thread 0x000001fa4a1547f0 DEOPT PACKING pc=0x000001fa24072a30 sp=0x00000034415fafd0
Event: 43.536 Thread 0x000001fa4a1547f0 DEOPT UNPACKING pc=0x000001fa23a169a3 sp=0x00000034415faef0 mode 2
Event: 44.921 Thread 0x000001fa4a1547f0 Uncommon trap: trap_request=0xffffff45 fr.pc=0x000001fa23f85904 relative=0x00000000000000e4
Event: 44.921 Thread 0x000001fa4a1547f0 Uncommon trap: reason=unstable_if action=reinterpret pc=0x000001fa23f85904 method=java.util.HashMap.hash(Ljava/lang/Object;)I @ 1 c2
Event: 44.921 Thread 0x000001fa4a1547f0 DEOPT PACKING pc=0x000001fa23f85904 sp=0x00000034415f9f00
Event: 44.921 Thread 0x000001fa4a1547f0 DEOPT UNPACKING pc=0x000001fa23a169a3 sp=0x00000034415f9e40 mode 2
Event: 45.149 Thread 0x000001fa4a1547f0 Uncommon trap: trap_request=0xffffff6e fr.pc=0x000001fa2401a780 relative=0x00000000000003e0
Event: 45.149 Thread 0x000001fa4a1547f0 Uncommon trap: reason=loop_limit_check action=maybe_recompile pc=0x000001fa2401a780 method=java.lang.StringLatin1.indexOf([BI[BII)I @ 37 c2
Event: 45.149 Thread 0x000001fa4a1547f0 DEOPT PACKING pc=0x000001fa2401a780 sp=0x00000034415f86f0
Event: 45.149 Thread 0x000001fa4a1547f0 DEOPT UNPACKING pc=0x000001fa23a169a3 sp=0x00000034415f8650 mode 2

Classes unloaded (0 events):
No events

Classes redefined (0 events):
No events

Internal exceptions (20 events):
Event: 36.425 Thread 0x000001fa4a1547f0 Exception <a 'java/lang/NoSuchMethodError'{0x00000000ec8e4778}: 'void java.lang.invoke.DelegatingMethodHandle$Holder.reinvoke_L(java.lang.Object, java.lang.Object, java.lang.Object, java.lang.Object, java.lang.Object, java.lang.Object, java.lang.Object, java.lang.Object, java.lang.Object, java.lang.Object)'> (0x00000000ec8e4778) 
thrown [s\src\hotspot\share\interpreter\linkResolver.cpp, line 759]
Event: 36.426 Thread 0x000001fa4a1547f0 Exception <a 'java/lang/NoSuchMethodError'{0x00000000ec8ecbe8}: 'java.lang.Object java.lang.invoke.DirectMethodHandle$Holder.invokeSpecial(java.lang.Object, java.lang.Object, java.lang.Object, java.lang.Object, java.lang.Object, java.lang.Object, java.lang.Object, java.lang.Object, java.lang.Object, java.lang.Object)'> (0x00000000ec8ecbe8) 
thrown [s\src\hotspot\share\interpreter\linkResolver.cpp, line 759]
Event: 36.426 Thread 0x000001fa4a1547f0 Exception <a 'java/lang/NoSuchMethodError'{0x00000000ec8f14b8}: 'java.lang.Object java.lang.invoke.Invokers$Holder.invoker(java.lang.Object, java.lang.Object, java.lang.Object, java.lang.Object, java.lang.Object, java.lang.Object, java.lang.Object, java.lang.Object, java.lang.Object, java.lang.Object)'> (0x00000000ec8f14b8) 
thrown [s\src\hotspot\share\interpreter\linkResolver.cpp, line 759]
Event: 36.426 Thread 0x000001fa4a1547f0 Exception <a 'java/lang/NoSuchMethodError'{0x00000000ec8f7040}: 'java.lang.Object java.lang.invoke.DirectMethodHandle$Holder.invokeSpecial(java.lang.Object, java.lang.Object, java.lang.Object, java.lang.Object, java.lang.Object, java.lang.Object, java.lang.Object, java.lang.Object, java.lang.Object, java.lang.Object, java.lang.Object)'> (0x00000000ec8f7040) 
thrown [s\src\hotspot\share\interpreter\linkResolver.cpp, line 759]
Event: 37.119 Thread 0x000001fa4a1547f0 Exception <a 'java/lang/NoSuchMethodError'{0x00000000ec2eacb0}: 'void java.lang.invoke.DirectMethodHandle$Holder.invokeStaticInit(java.lang.Object)'> (0x00000000ec2eacb0) 
thrown [s\src\hotspot\share\interpreter\linkResolver.cpp, line 759]
Event: 37.143 Thread 0x000001fa4a1547f0 Exception <a 'java/lang/NoSuchMethodError'{0x00000000ec19c198}: 'java.lang.Object java.lang.invoke.DirectMethodHandle$Holder.newInvokeSpecial(java.lang.Object, java.lang.Object, java.lang.Object, int)'> (0x00000000ec19c198) 
thrown [s\src\hotspot\share\interpreter\linkResolver.cpp, line 759]
Event: 37.149 Thread 0x000001fa4a1547f0 Exception <a 'java/lang/NoSuchMethodError'{0x00000000ec1a0ac8}: 'java.lang.Object java.lang.invoke.DirectMethodHandle$Holder.invokeSpecial(java.lang.Object, java.lang.Object, java.lang.Object, java.lang.Object, int)'> (0x00000000ec1a0ac8) 
thrown [s\src\hotspot\share\interpreter\linkResolver.cpp, line 759]
Event: 37.167 Thread 0x000001fa4a1547f0 Exception <a 'java/lang/NoSuchMethodError'{0x00000000ec1a4be0}: 'java.lang.Object java.lang.invoke.Invokers$Holder.linkToTargetMethod(java.lang.Object, java.lang.Object, int, java.lang.Object)'> (0x00000000ec1a4be0) 
thrown [s\src\hotspot\share\interpreter\linkResolver.cpp, line 759]
Event: 37.574 Thread 0x000001fa49d0b200 Implicit null exception at 0x000001fa23fa1b72 to 0x000001fa23fa218c
Event: 37.575 Thread 0x000001fa49d0b200 Implicit null exception at 0x000001fa23fbe372 to 0x000001fa23fbe98c
Event: 40.011 Thread 0x000001fa4a1547f0 Exception <a 'java/lang/NoSuchMethodError'{0x00000000eaf3b128}: 'int java.lang.invoke.DirectMethodHandle$Holder.invokeSpecialIFC(java.lang.Object, java.lang.Object, java.lang.Object, java.lang.Object)'> (0x00000000eaf3b128) 
thrown [s\src\hotspot\share\interpreter\linkResolver.cpp, line 759]
Event: 40.013 Thread 0x000001fa4a1547f0 Exception <a 'java/lang/NoSuchMethodError'{0x00000000eaf4a3a8}: 'java.lang.Object java.lang.invoke.DirectMethodHandle$Holder.invokeInterface(java.lang.Object, java.lang.Object, java.lang.Object)'> (0x00000000eaf4a3a8) 
thrown [s\src\hotspot\share\interpreter\linkResolver.cpp, line 759]
Event: 40.026 Thread 0x000001fa4a1547f0 Exception <a 'java/lang/IncompatibleClassChangeError'{0x00000000eaf4e268}: Found class java.lang.Object, but interface was expected> (0x00000000eaf4e268) 
thrown [s\src\hotspot\share\interpreter\linkResolver.cpp, line 826]
Event: 40.686 Thread 0x000001fa4a1547f0 Exception <a 'java/lang/NoSuchMethodError'{0x00000000eadc56e0}: 'int java.lang.invoke.DirectMethodHandle$Holder.invokeStatic(java.lang.Object, java.lang.Object, java.lang.Object, java.lang.Object)'> (0x00000000eadc56e0) 
thrown [s\src\hotspot\share\interpreter\linkResolver.cpp, line 759]
Event: 40.686 Thread 0x000001fa4a1547f0 Exception <a 'java/lang/NoSuchMethodError'{0x00000000eadc9308}: 'java.lang.Object java.lang.invoke.Invokers$Holder.invokeExact_MT(java.lang.Object, java.lang.Object, java.lang.Object, java.lang.Object, java.lang.Object, java.lang.Object)'> (0x00000000eadc9308) 
thrown [s\src\hotspot\share\interpreter\linkResolver.cpp, line 759]
Event: 43.462 Thread 0x000001fa4a1547f0 Exception <a 'java/lang/NoSuchMethodError'{0x00000000ea338dd0}: 'java.lang.Object java.lang.invoke.DirectMethodHandle$Holder.invokeVirtual(java.lang.Object, java.lang.Object, java.lang.Object, java.lang.Object)'> (0x00000000ea338dd0) 
thrown [s\src\hotspot\share\interpreter\linkResolver.cpp, line 759]
Event: 43.559 Thread 0x000001fa4a1547f0 Exception <a 'java/lang/NoSuchMethodError'{0x00000000ea282cc0}: 'java.lang.Object java.lang.invoke.DirectMethodHandle$Holder.newInvokeSpecial(java.lang.Object, java.lang.Object, java.lang.Object, java.lang.Object, java.lang.Object, java.lang.Object, java.lang.Object)'> (0x00000000ea282cc0) 
thrown [s\src\hotspot\share\interpreter\linkResolver.cpp, line 759]
Event: 43.560 Thread 0x000001fa4a1547f0 Exception <a 'java/lang/NoSuchMethodError'{0x00000000ea287990}: 'java.lang.Object java.lang.invoke.Invokers$Holder.linkToTargetMethod(java.lang.Object, java.lang.Object, java.lang.Object, java.lang.Object, java.lang.Object, java.lang.Object, java.lang.Object)'> (0x00000000ea287990) 
thrown [s\src\hotspot\share\interpreter\linkResolver.cpp, line 759]
Event: 43.927 Thread 0x000001fa4a1547f0 Exception <a 'java/lang/NoSuchMethodError'{0x00000000ea1dfa50}: 'java.lang.Object java.lang.invoke.DirectMethodHandle$Holder.invokeVirtual(java.lang.Object, java.lang.Object, java.lang.Object, java.lang.Object, java.lang.Object, java.lang.Object, java.lang.Object, java.lang.Object, java.lang.Object, java.lang.Object, java.lang.Object, java.lang.Object, java.lang.Object, java.lang.Object, java.lang.Object, java.lang.Object, java.lang.Object, java.lang.Object, java.lang.Object, java.lang.Object, java.lang.Ob
Event: 44.921 Thread 0x000001fa4a1547f0 Implicit null exception at 0x000001fa23f85860 to 0x000001fa23f858fa

VM Operations (20 events):
Event: 37.622 Executing VM operation: HandshakeAllThreads done
Event: 37.622 Executing VM operation: HandshakeAllThreads
Event: 37.622 Executing VM operation: HandshakeAllThreads done
Event: 37.702 Executing VM operation: HandshakeAllThreads
Event: 37.702 Executing VM operation: HandshakeAllThreads done
Event: 37.703 Executing VM operation: HandshakeAllThreads
Event: 37.703 Executing VM operation: HandshakeAllThreads done
Event: 38.703 Executing VM operation: Cleanup
Event: 38.730 Executing VM operation: Cleanup done
Event: 39.741 Executing VM operation: Cleanup
Event: 39.741 Executing VM operation: Cleanup done
Event: 40.758 Executing VM operation: Cleanup
Event: 40.758 Executing VM operation: Cleanup done
Event: 42.780 Executing VM operation: Cleanup
Event: 42.947 Executing VM operation: Cleanup done
Event: 43.949 Executing VM operation: Cleanup
Event: 44.008 Executing VM operation: Cleanup done
Event: 45.020 Executing VM operation: Cleanup
Event: 45.040 Executing VM operation: Cleanup done
Event: 46.047 Executing VM operation: Cleanup

Events (20 events):
Event: 40.580 loading class java/io/ObjectStreamConstants
Event: 40.580 loading class java/io/ObjectStreamConstants done
Event: 40.580 loading class java/io/ObjectInputStream done
Event: 40.581 loading class java/io/ObjectOutputStream
Event: 40.582 loading class java/io/ObjectOutput
Event: 40.584 loading class java/io/ObjectOutput done
Event: 40.585 loading class java/io/ObjectOutputStream done
Event: 40.637 loading class java/lang/ThreadLocal$SuppliedThreadLocal
Event: 40.637 loading class java/lang/ThreadLocal$SuppliedThreadLocal done
Event: 43.050 loading class javax/xml/parsers/ParserConfigurationException
Event: 43.050 loading class javax/xml/parsers/ParserConfigurationException done
Event: 43.050 loading class org/xml/sax/SAXException
Event: 43.050 loading class org/xml/sax/SAXException done
Event: 43.050 loading class javax/xml/xpath/XPathExpressionException
Event: 43.050 loading class javax/xml/xpath/XPathException
Event: 43.051 loading class javax/xml/xpath/XPathException done
Event: 43.051 loading class javax/xml/xpath/XPathExpressionException done
Event: 43.051 loading class org/xml/sax/ErrorHandler
Event: 43.051 loading class org/xml/sax/ErrorHandler done
Event: 45.433 Thread 0x000001fa4b059a00 Thread added: 0x000001fa4b059a00


Dynamic libraries:
0x00007ff7df780000 - 0x00007ff7df78e000 	C:\Users\jose.caneto11\.jdks\corretto-17.0.10\bin\java.exe
0x00007ffd24410000 - 0x00007ffd24608000 	C:\Windows\SYSTEM32\ntdll.dll
0x00007ffd23420000 - 0x00007ffd234dd000 	C:\Windows\System32\KERNEL32.DLL
0x00007ffd21c70000 - 0x00007ffd21f66000 	C:\Windows\System32\KERNELBASE.dll
0x0000000074b20000 - 0x0000000074bbe000 	C:\ProgramData\Symantec\Symantec Endpoint Protection\14.3.10148.8000.105\Data\Sysfer\x64\sysfer.dll
0x00007ffd22090000 - 0x00007ffd22190000 	C:\Windows\System32\ucrtbase.dll
0x00007ffd1b8f0000 - 0x00007ffd1b907000 	C:\Users\jose.caneto11\.jdks\corretto-17.0.10\bin\jli.dll
0x00007ffd24230000 - 0x00007ffd243ce000 	C:\Windows\System32\USER32.dll
0x00007ffd21b50000 - 0x00007ffd21b72000 	C:\Windows\System32\win32u.dll
0x00007ffd23950000 - 0x00007ffd2397c000 	C:\Windows\System32\GDI32.dll
0x00007ffd21f70000 - 0x00007ffd2208a000 	C:\Windows\System32\gdi32full.dll
0x00007ffd0ffe0000 - 0x00007ffd0fffb000 	C:\Users\jose.caneto11\.jdks\corretto-17.0.10\bin\VCRUNTIME140.dll
0x00007ffd21bd0000 - 0x00007ffd21c6d000 	C:\Windows\System32\msvcp_win.dll
0x00007ffd17740000 - 0x00007ffd179da000 	C:\Windows\WinSxS\amd64_microsoft.windows.common-controls_6595b64144ccf1df_6.0.19041.3636_none_60b6a03d71f818d5\COMCTL32.dll
0x00007ffd23d10000 - 0x00007ffd23dae000 	C:\Windows\System32\msvcrt.dll
0x00007ffd23ce0000 - 0x00007ffd23d10000 	C:\Windows\System32\IMM32.DLL
0x00007ffd1eff0000 - 0x00007ffd1effc000 	C:\Users\jose.caneto11\.jdks\corretto-17.0.10\bin\vcruntime140_1.dll
0x00007ffcff950000 - 0x00007ffcff9dd000 	C:\Users\jose.caneto11\.jdks\corretto-17.0.10\bin\msvcp140.dll
0x00007ffc98890000 - 0x00007ffc994f2000 	C:\Users\jose.caneto11\.jdks\corretto-17.0.10\bin\server\jvm.dll
0x00007ffd23050000 - 0x00007ffd23103000 	C:\Windows\System32\ADVAPI32.dll
0x00007ffd22510000 - 0x00007ffd225af000 	C:\Windows\System32\sechost.dll
0x00007ffd23240000 - 0x00007ffd23366000 	C:\Windows\System32\RPCRT4.dll
0x00007ffd22190000 - 0x00007ffd221b7000 	C:\Windows\System32\bcrypt.dll
0x00007ffd21820000 - 0x00007ffd2186b000 	C:\Windows\SYSTEM32\POWRPROF.dll
0x00007ffd0dbf0000 - 0x00007ffd0dbf9000 	C:\Windows\SYSTEM32\WSOCK32.dll
0x00007ffd23fa0000 - 0x00007ffd2400b000 	C:\Windows\System32\WS2_32.dll
0x00007ffd185d0000 - 0x00007ffd185f7000 	C:\Windows\SYSTEM32\WINMM.dll
0x00007ffd1ae50000 - 0x00007ffd1ae5a000 	C:\Windows\SYSTEM32\VERSION.dll
0x00007ffd21650000 - 0x00007ffd21662000 	C:\Windows\SYSTEM32\UMPDC.dll
0x00007ffd1f6c0000 - 0x00007ffd1f6d2000 	C:\Windows\SYSTEM32\kernel.appcore.dll
0x00007ffd1a590000 - 0x00007ffd1a59a000 	C:\Users\jose.caneto11\.jdks\corretto-17.0.10\bin\jimage.dll
0x00007ffd11250000 - 0x00007ffd11434000 	C:\Windows\SYSTEM32\DBGHELP.DLL
0x00007ffd10d60000 - 0x00007ffd10d94000 	C:\Windows\SYSTEM32\dbgcore.DLL
0x00007ffd22320000 - 0x00007ffd223a2000 	C:\Windows\System32\bcryptPrimitives.dll
0x00007ffd16f80000 - 0x00007ffd16f8e000 	C:\Users\jose.caneto11\.jdks\corretto-17.0.10\bin\instrument.dll
0x00007ffd0d870000 - 0x00007ffd0d895000 	C:\Users\jose.caneto11\.jdks\corretto-17.0.10\bin\java.dll
0x00007ffcff0d0000 - 0x00007ffcff1a7000 	C:\Users\jose.caneto11\.jdks\corretto-17.0.10\bin\jsvml.dll
0x00007ffd22690000 - 0x00007ffd22dd5000 	C:\Windows\System32\SHELL32.dll
0x00007ffd1f8c0000 - 0x00007ffd2005b000 	C:\Windows\SYSTEM32\windows.storage.dll
0x00007ffd23980000 - 0x00007ffd23cd4000 	C:\Windows\System32\combase.dll
0x00007ffd214a0000 - 0x00007ffd214cd000 	C:\Windows\SYSTEM32\Wldp.dll
0x00007ffd22460000 - 0x00007ffd2250d000 	C:\Windows\System32\SHCORE.dll
0x00007ffd22e60000 - 0x00007ffd22eb5000 	C:\Windows\System32\shlwapi.dll
0x00007ffd21a10000 - 0x00007ffd21a35000 	C:\Windows\SYSTEM32\profapi.dll
0x00007ffd0e8c0000 - 0x00007ffd0e8d8000 	C:\Users\jose.caneto11\.jdks\corretto-17.0.10\bin\zip.dll
0x00007ffd07590000 - 0x00007ffd075a9000 	C:\Users\jose.caneto11\.jdks\corretto-17.0.10\bin\net.dll
0x00007ffd20a50000 - 0x00007ffd20b5a000 	C:\Windows\SYSTEM32\WINHTTP.dll
0x00007ffd211a0000 - 0x00007ffd2120a000 	C:\Windows\system32\mswsock.dll
0x00007ffd070c0000 - 0x00007ffd070d6000 	C:\Users\jose.caneto11\.jdks\corretto-17.0.10\bin\nio.dll
0x00007ffd16790000 - 0x00007ffd167a0000 	C:\Users\jose.caneto11\.jdks\corretto-17.0.10\bin\verify.dll
0x00007ffd0d8a0000 - 0x00007ffd0d8c7000 	C:\Users\jose.caneto11\.gradle\native\c067742578af261105cb4f569cf0c3c89f3d7b1fecec35dd04571415982c5e48\windows-amd64\native-platform.dll
0x00007ffcf3700000 - 0x00007ffcf3844000 	C:\Users\jose.caneto11\.gradle\native\38dada09dfb8b06ba9b0570ebf7e218e3eb74d4ef43ca46872605cf95ebc2f47\windows-amd64\native-platform-file-events.dll
0x00007ffd0ff90000 - 0x00007ffd0ff99000 	C:\Users\jose.caneto11\.jdks\corretto-17.0.10\bin\management.dll
0x00007ffd070b0000 - 0x00007ffd070bb000 	C:\Users\jose.caneto11\.jdks\corretto-17.0.10\bin\management_ext.dll
0x00007ffd24010000 - 0x00007ffd24018000 	C:\Windows\System32\PSAPI.DLL
0x00007ffd213f0000 - 0x00007ffd21408000 	C:\Windows\SYSTEM32\CRYPTSP.dll
0x00007ffd209c0000 - 0x00007ffd209f4000 	C:\Windows\system32\rsaenh.dll
0x00007ffd21990000 - 0x00007ffd219be000 	C:\Windows\SYSTEM32\USERENV.dll
0x00007ffd21410000 - 0x00007ffd2141c000 	C:\Windows\SYSTEM32\CRYPTBASE.dll
0x00007ffd20e90000 - 0x00007ffd20ecb000 	C:\Windows\SYSTEM32\IPHLPAPI.DLL
0x00007ffd23410000 - 0x00007ffd23418000 	C:\Windows\System32\NSI.dll
0x00007ffd1bfd0000 - 0x00007ffd1bfe7000 	C:\Windows\SYSTEM32\dhcpcsvc6.DLL
0x00007ffd1be80000 - 0x00007ffd1be9d000 	C:\Windows\SYSTEM32\dhcpcsvc.DLL
0x00007ffd20ee0000 - 0x00007ffd20faa000 	C:\Windows\SYSTEM32\DNSAPI.dll
0x00007ffd062e0000 - 0x00007ffd062e9000 	C:\Users\jose.caneto11\.jdks\corretto-17.0.10\bin\extnet.dll
0x00007ffd04320000 - 0x00007ffd0432e000 	C:\Users\jose.caneto11\.jdks\corretto-17.0.10\bin\sunmscapi.dll
0x00007ffd221c0000 - 0x00007ffd2231d000 	C:\Windows\System32\CRYPT32.dll
0x00007ffd21510000 - 0x00007ffd21538000 	C:\Windows\SYSTEM32\ncrypt.dll
0x00007ffd214d0000 - 0x00007ffd2150b000 	C:\Windows\SYSTEM32\NTASN1.dll
0x00007ffd16f60000 - 0x00007ffd16f67000 	C:\Windows\system32\wshunix.dll

dbghelp: loaded successfully - version: 4.0.5 - missing functions: none
symbol engine: initialized successfully - sym options: 0x614 - pdb path: .;C:\Users\jose.caneto11\.jdks\corretto-17.0.10\bin;C:\Windows\SYSTEM32;C:\ProgramData\Symantec\Symantec Endpoint Protection\14.3.10148.8000.105\Data\Sysfer\x64;C:\Windows\WinSxS\amd64_microsoft.windows.common-controls_6595b64144ccf1df_6.0.19041.3636_none_60b6a03d71f818d5;C:\Users\jose.caneto11\.jdks\corretto-17.0.10\bin\server;C:\Users\jose.caneto11\.gradle\native\c067742578af261105cb4f569cf0c3c89f3d7b1fecec35dd04571415982c5e48\windows-amd64;C:\Users\jose.caneto11\.gradle\native\38dada09dfb8b06ba9b0570ebf7e218e3eb74d4ef43ca46872605cf95ebc2f47\windows-amd64

VM Arguments:
jvm_args: --add-opens=java.base/java.util=ALL-UNNAMED --add-opens=java.base/java.lang=ALL-UNNAMED --add-opens=java.base/java.lang.invoke=ALL-UNNAMED --add-opens=java.prefs/java.util.prefs=ALL-UNNAMED --add-opens=java.base/java.nio.charset=ALL-UNNAMED --add-opens=java.base/java.net=ALL-UNNAMED --add-opens=java.base/java.util.concurrent.atomic=ALL-UNNAMED -XX:MaxMetaspaceSize=384m -XX:+HeapDumpOnOutOfMemoryError -Xms256m -Xmx512m -Dfile.encoding=windows-1252 -Duser.country=BR -Duser.language=pt -Duser.variant -javaagent:C:\Users\jose.caneto11\.gradle\wrapper\dists\gradle-8.5-bin\5t9huq95ubn472n8rpzujfbqh\gradle-8.5\lib\agents\gradle-instrumentation-agent-8.5.jar 
java_command: org.gradle.launcher.daemon.bootstrap.GradleDaemon 8.5
java_class_path (initial): C:\Users\jose.caneto11\.gradle\wrapper\dists\gradle-8.5-bin\5t9huq95ubn472n8rpzujfbqh\gradle-8.5\lib\gradle-launcher-8.5.jar
Launcher Type: SUN_STANDARD

[Global flags]
     intx CICompilerCount                          = 4                                         {product} {ergonomic}
   size_t CompressedClassSpaceSize                 = 335544320                                 {product} {ergonomic}
     uint ConcGCThreads                            = 2                                         {product} {ergonomic}
     uint G1ConcRefinementThreads                  = 8                                         {product} {ergonomic}
   size_t G1HeapRegionSize                         = 1048576                                   {product} {ergonomic}
    uintx GCDrainStackTargetSize                   = 64                                        {product} {ergonomic}
     bool HeapDumpOnOutOfMemoryError               = true                                   {manageable} {command line}
   size_t InitialHeapSize                          = 268435456                                 {product} {command line}
   size_t MarkStackSize                            = 4194304                                   {product} {ergonomic}
   size_t MaxHeapSize                              = 536870912                                 {product} {command line}
   size_t MaxMetaspaceSize                         = 402653184                                 {product} {command line}
   size_t MaxNewSize                               = 321912832                                 {product} {ergonomic}
   size_t MinHeapDeltaBytes                        = 1048576                                   {product} {ergonomic}
   size_t MinHeapSize                              = 268435456                                 {product} {command line}
    uintx NonNMethodCodeHeapSize                   = 5839372                                {pd product} {ergonomic}
    uintx NonProfiledCodeHeapSize                  = 122909434                              {pd product} {ergonomic}
    uintx ProfiledCodeHeapSize                     = 122909434                              {pd product} {ergonomic}
    uintx ReservedCodeCacheSize                    = 251658240                              {pd product} {ergonomic}
     bool SegmentedCodeCache                       = true                                      {product} {ergonomic}
   size_t SoftMaxHeapSize                          = 536870912                              {manageable} {ergonomic}
     bool UseCompressedClassPointers               = true                           {product lp64_product} {ergonomic}
     bool UseCompressedOops                        = true                           {product lp64_product} {ergonomic}
     bool UseG1GC                                  = true                                      {product} {ergonomic}
     bool UseLargePagesIndividualAllocation        = false                                  {pd product} {ergonomic}

Logging:
Log output configuration:
 #0: stdout all=warning uptime,level,tags
 #1: stderr all=off uptime,level,tags

Environment Variables:
PATH=C:\Windows\system32;C:\Windows;C:\Windows\System32\Wbem;C:\Windows\System32\WindowsPowerShell\v1.0\;C:\Windows\System32\OpenSSH\;C:\Program Files\Git\cmd;C:\Program Files\nodejs\;C:\ProgramData\UNIVALI\Portugol Studio;C:\Users\jose.caneto11\AppData\Local\Microsoft\WindowsApps;;C:\Users\jose.caneto11\AppData\Local\Programs\Microsoft VS Code\bin
USERNAME=jose.caneto11
OS=Windows_NT
PROCESSOR_IDENTIFIER=Intel64 Family 6 Model 158 Stepping 9, GenuineIntel
TMP=C:\Users\JOSE~1.CAN\AppData\Local\Temp
TEMP=C:\Users\JOSE~1.CAN\AppData\Local\Temp



Periodic native trim disabled


---------------  S Y S T E M  ---------------

OS:
 Windows 10 , 64 bit Build 19041 (10.0.19041.3636)
OS uptime: 1 days 7:48 hours

CPU: total 8 (initial active 8) (4 cores per cpu, 2 threads per core) family 6 model 158 stepping 9 microcode 0xf4, cx8, cmov, fxsr, ht, mmx, 3dnowpref, sse, sse2, sse3, ssse3, sse4.1, sse4.2, popcnt, lzcnt, tsc, tscinvbit, avx, avx2, aes, erms, clmul, bmi1, bmi2, rtm, adx, fma, vzeroupper, clflush, clflushopt
Processor Information for all 8 processors :
  Max Mhz: 3600, Current Mhz: 3600, Mhz Limit: 3600

Memory: 4k page, system-wide physical 16247M (582M free)
TotalPageFile size 26843M (AvailPageFile size 26M)
current process WorkingSet (physical memory assigned to process): 223M, peak: 223M
current process commit charge ("private bytes"): 418M, peak: 418M

vm_info: OpenJDK 64-Bit Server VM (17.0.10+7-LTS) for windows-amd64 JRE (17.0.10+7-LTS), built on Jan 10 2024 22:11:07 by "Administrator" with MS VC++ 16.10 / 16.11 (VS2019)

END.
